<?xml version="1.0" encoding="UTF-8"?>
<!-- Generated by org.testng.reporters.JUnitXMLReporter -->
<testsuite hostname="fourtek-desktop" ignored="0" name="Default test" tests="5" failures="0" timestamp="29 Dec 2017 09:36:17 GMT" time="65.602" errors="0">
  <testcase name="openBrowser" time="36.174" classname="com.testcase.LoginPageTest"/>
  <testcase name="invalidEmail" time="5.416" classname="com.testcase.LoginPageTest"/>
  <testcase name="invalidPassword" time="5.822" classname="com.testcase.LoginPageTest"/>
  <testcase name="invalidPwdEmail" time="4.451" classname="com.testcase.LoginPageTest"/>
  <testcase name="doLogin" time="13.691" classname="com.testcase.LoginPageTest"/>
</testsuite> <!-- Default test -->
