<?xml version="1.0" encoding="UTF-8"?>
<!-- Generated by org.testng.reporters.JUnitXMLReporter -->
<testsuite hostname="fourtek-desktop" ignored="0" name="Default test" tests="5" failures="0" timestamp="02 Jan 2018 06:31:40 GMT" time="30.511" errors="0">
  <testcase name="openBrowser" time="5.996" classname="com.testcase.LoginPageTest"/>
  <testcase name="invalidEmail" time="5.335" classname="com.testcase.LoginPageTest"/>
  <testcase name="invalidPassword" time="5.23" classname="com.testcase.LoginPageTest"/>
  <testcase name="invalidPwdEmail" time="5.052" classname="com.testcase.LoginPageTest"/>
  <testcase name="doLogin" time="8.856" classname="com.testcase.LoginPageTest"/>
</testsuite> <!-- Default test -->
