<?xml version="1.0" encoding="UTF-8"?>
<!-- Generated by org.testng.reporters.JUnitXMLReporter -->
<testsuite hostname="fourtek-desktop" ignored="0" name="Create Project Testcase" tests="9" failures="0" timestamp="03 Jan 2018 05:28:51 GMT" time="21.104" errors="0">
  <testcase name="startProject" time="1.859" classname="com.testcase.CreateProjectTest"/>
  <testcase name="withOutSelectAllOptions" time="2.173" classname="com.testcase.CreateProjectTest"/>
  <testcase name="onlyEnterProjectName" time="4.094" classname="com.testcase.CreateProjectTest"/>
  <testcase name="onlySelectTargetLanguage" time="3.647" classname="com.testcase.CreateProjectTest"/>
  <testcase name="typeProjectName" time="0.092" classname="com.testcase.CreateProjectTest"/>
  <testcase name="projectType" time="1.196" classname="com.testcase.CreateProjectTest"/>
  <testcase name="industryType" time="1.265" classname="com.testcase.CreateProjectTest"/>
  <testcase name="targetLanguage" time="1.324" classname="com.testcase.CreateProjectTest"/>
  <testcase name="doClickOnLetsStartButton" time="5.429" classname="com.testcase.CreateProjectTest"/>
</testsuite> <!-- Create Project Testcase -->
