<?xml version="1.0" encoding="UTF-8"?>
<!-- Generated by org.testng.reporters.JUnitXMLReporter -->
<testsuite hostname="fourtek-desktop" ignored="0" name="Create Project Testcase" tests="9" failures="0" timestamp="02 Jan 2018 09:20:10 GMT" time="18.98" errors="0">
  <testcase name="startProject" time="1.442" classname="com.testcase.CreateProjectTest"/>
  <testcase name="withOutSelectAllOptions" time="1.487" classname="com.testcase.CreateProjectTest"/>
  <testcase name="onlyEnterProjectName" time="3.674" classname="com.testcase.CreateProjectTest"/>
  <testcase name="onlySelectTargetLanguage" time="2.676" classname="com.testcase.CreateProjectTest"/>
  <testcase name="typeProjectName" time="0.165" classname="com.testcase.CreateProjectTest"/>
  <testcase name="projectType" time="1.223" classname="com.testcase.CreateProjectTest"/>
  <testcase name="industryType" time="1.227" classname="com.testcase.CreateProjectTest"/>
  <testcase name="targetLanguage" time="1.226" classname="com.testcase.CreateProjectTest"/>
  <testcase name="doClickOnLetsStartButton" time="5.84" classname="com.testcase.CreateProjectTest"/>
</testsuite> <!-- Create Project Testcase -->
