<?xml version="1.0" encoding="UTF-8"?>
<!-- Generated by org.testng.reporters.JUnitXMLReporter -->
<testsuite hostname="fourtek-desktop" ignored="0" name="Create Project Testcase" tests="6" failures="0" timestamp="18 Dec 2017 09:45:52 GMT" time="7.334" errors="0">
  <testcase name="startproject" time="1.493" classname="com.testcase.CreateProjectTest"/>
  <testcase name="typeProjectName" time="0.211" classname="com.testcase.CreateProjectTest"/>
  <testcase name="projectType" time="0.215" classname="com.testcase.CreateProjectTest"/>
  <testcase name="industryType" time="0.273" classname="com.testcase.CreateProjectTest"/>
  <testcase name="targetLanguage" time="0.238" classname="com.testcase.CreateProjectTest"/>
  <testcase name="doClickOnLetsStartButton" time="4.88" classname="com.testcase.CreateProjectTest"/>
</testsuite> <!-- Create Project Testcase -->
