<?xml version="1.0" encoding="UTF-8"?>
<!-- Generated by org.testng.reporters.JUnitXMLReporter -->
<testsuite hostname="fourtek-desktop" ignored="0" name="Create Project Testcase" tests="6" failures="0" timestamp="20 Dec 2017 07:08:43 GMT" time="11.476" errors="0">
  <testcase name="startproject" time="2.01" classname="com.testcase.CreateProjectTest"/>
  <testcase name="typeProjectName" time="0.195" classname="com.testcase.CreateProjectTest"/>
  <testcase name="projectType" time="1.186" classname="com.testcase.CreateProjectTest"/>
  <testcase name="industryType" time="1.217" classname="com.testcase.CreateProjectTest"/>
  <testcase name="targetLanguage" time="1.225" classname="com.testcase.CreateProjectTest"/>
  <testcase name="doClickOnLetsStartButton" time="5.625" classname="com.testcase.CreateProjectTest"/>
</testsuite> <!-- Create Project Testcase -->
