<?xml version="1.0" encoding="UTF-8"?>
<!-- Generated by org.testng.reporters.JUnitXMLReporter -->
<testsuite hostname="fourtek-desktop" ignored="0" name="Create Project Testcase" tests="9" failures="1" timestamp="02 Jan 2018 09:59:05 GMT" time="50.672" errors="0">
  <testcase name="startProject" time="27.012" classname="com.testcase.CreateProjectTest">
    <failure type="java.lang.AssertionError" message="expected [http://dev.devnagri.co.in/projects/start] but found [http://staging.devnagri.com/projects/start]">
      <![CDATA[java.lang.AssertionError: expected [http://dev.devnagri.co.in/projects/start] but found [http://staging.devnagri.com/projects/start]at com.testcase.CreateProjectTest.startProject(CreateProjectTest.java:21)... Removed 31 stack frames]]>
    </failure>
  </testcase> <!-- startProject -->
  <testcase name="withOutSelectAllOptions" time="2.417" classname="com.testcase.CreateProjectTest"/>
  <testcase name="onlyEnterProjectName" time="4.253" classname="com.testcase.CreateProjectTest"/>
  <testcase name="onlySelectTargetLanguage" time="3.597" classname="com.testcase.CreateProjectTest"/>
  <testcase name="typeProjectName" time="0.163" classname="com.testcase.CreateProjectTest"/>
  <testcase name="projectType" time="1.229" classname="com.testcase.CreateProjectTest"/>
  <testcase name="industryType" time="1.209" classname="com.testcase.CreateProjectTest"/>
  <testcase name="targetLanguage" time="1.267" classname="com.testcase.CreateProjectTest"/>
  <testcase name="doClickOnLetsStartButton" time="9.501" classname="com.testcase.CreateProjectTest"/>
</testsuite> <!-- Create Project Testcase -->
