<?xml version="1.0" encoding="UTF-8"?>
<!-- Generated by org.testng.reporters.JUnitXMLReporter -->
<testsuite hostname="fourtek-desktop" ignored="0" name="Create Project Testcase" tests="9" failures="0" timestamp="03 Jan 2018 09:59:56 GMT" time="21.69" errors="0">
  <testcase name="startProject" time="1.969" classname="com.testcase.CreateProjectTest"/>
  <testcase name="withOutSelectAllOptions" time="2.276" classname="com.testcase.CreateProjectTest"/>
  <testcase name="onlyEnterProjectName" time="4.278" classname="com.testcase.CreateProjectTest"/>
  <testcase name="onlySelectTargetLanguage" time="4.334" classname="com.testcase.CreateProjectTest"/>
  <testcase name="typeProjectName" time="0.094" classname="com.testcase.CreateProjectTest"/>
  <testcase name="projectType" time="1.215" classname="com.testcase.CreateProjectTest"/>
  <testcase name="industryType" time="1.208" classname="com.testcase.CreateProjectTest"/>
  <testcase name="targetLanguage" time="1.24" classname="com.testcase.CreateProjectTest"/>
  <testcase name="doClickOnLetsStartButton" time="5.057" classname="com.testcase.CreateProjectTest"/>
</testsuite> <!-- Create Project Testcase -->
