<?xml version="1.0" encoding="UTF-8"?>
<!-- Generated by org.testng.reporters.JUnitXMLReporter -->
<testsuite hostname="fourtek-desktop" ignored="0" name="Create Project Testcase" tests="7" failures="0" timestamp="29 Dec 2017 10:17:20 GMT" time="12.329" errors="0">
  <testcase name="startproject" time="1.432" classname="com.testcase.CreateProjectTest"/>
  <testcase name="withOutSelectAllOptions" time="1.521" classname="com.testcase.CreateProjectTest"/>
  <testcase name="typeProjectName" time="0.253" classname="com.testcase.CreateProjectTest"/>
  <testcase name="projectType" time="1.251" classname="com.testcase.CreateProjectTest"/>
  <testcase name="industryType" time="1.256" classname="com.testcase.CreateProjectTest"/>
  <testcase name="targetLanguage" time="1.256" classname="com.testcase.CreateProjectTest"/>
  <testcase name="doClickOnLetsStartButton" time="5.345" classname="com.testcase.CreateProjectTest"/>
</testsuite> <!-- Create Project Testcase -->
