<?xml version="1.0" encoding="UTF-8"?>
<!-- Generated by org.testng.reporters.JUnitXMLReporter -->
<testsuite hostname="fourtek-desktop" ignored="0" name="Create Project Testcase" tests="6" failures="0" timestamp="19 Dec 2017 04:49:47 GMT" time="6.444" errors="0">
  <testcase name="startproject" time="1.516" classname="com.testcase.CreateProjectTest"/>
  <testcase name="typeProjectName" time="0.246" classname="com.testcase.CreateProjectTest"/>
  <testcase name="projectType" time="0.23" classname="com.testcase.CreateProjectTest"/>
  <testcase name="industryType" time="0.236" classname="com.testcase.CreateProjectTest"/>
  <testcase name="targetLanguage" time="0.25" classname="com.testcase.CreateProjectTest"/>
  <testcase name="doClickOnLetsStartButton" time="3.946" classname="com.testcase.CreateProjectTest"/>
</testsuite> <!-- Create Project Testcase -->
