<?xml version="1.0" encoding="UTF-8"?>
<!-- Generated by org.testng.reporters.JUnitXMLReporter -->
<testsuite hostname="fourtek-desktop" ignored="0" name="File Upload Testcase" tests="3" failures="0" timestamp="03 Jan 2018 10:00:13 GMT" time="16.831" errors="0">
  <testcase name="clickOnAddNewFile" time="4.179" classname="com.testcase.FileUploadTest"/>
  <testcase name="enterFileLocation" time="5.466" classname="com.testcase.FileUploadTest"/>
  <testcase name="selectFileType" time="7.175" classname="com.testcase.FileUploadTest"/>
</testsuite> <!-- File Upload Testcase -->
