<?xml version="1.0" encoding="UTF-8"?>
<!-- Generated by org.testng.reporters.JUnitXMLReporter -->
<testsuite hostname="fourtek-desktop" ignored="0" name="File Upload Testcase" tests="3" failures="0" timestamp="27 Dec 2017 04:39:18 GMT" time="17.434" errors="0">
  <testcase name="clickOnAddNewFile" time="4.233" classname="com.testcase.FileUploadTest"/>
  <testcase name="enterFileLocation" time="6.161" classname="com.testcase.FileUploadTest"/>
  <testcase name="selectFileType" time="6.991" classname="com.testcase.FileUploadTest"/>
</testsuite> <!-- File Upload Testcase -->
