<?xml version="1.0" encoding="UTF-8"?>
<!-- Generated by org.testng.reporters.JUnitXMLReporter -->
<testsuite hostname="fourtek-desktop" ignored="0" name="Login Testcase" tests="5" failures="0" timestamp="02 Jan 2018 09:19:51 GMT" time="39.53" errors="0">
  <testcase name="openBrowser" time="14.289" classname="com.testcase.LoginPageTest"/>
  <testcase name="invalidEmail" time="5.37" classname="com.testcase.LoginPageTest"/>
  <testcase name="invalidPassword" time="5.155" classname="com.testcase.LoginPageTest"/>
  <testcase name="invalidPwdEmail" time="5.049" classname="com.testcase.LoginPageTest"/>
  <testcase name="doLogin" time="9.606" classname="com.testcase.LoginPageTest"/>
</testsuite> <!-- Login Testcase -->
