<?xml version="1.0" encoding="UTF-8"?>
<!-- Generated by org.testng.reporters.JUnitXMLReporter -->
<testsuite hostname="fourtek-desktop" ignored="0" name="Make An Order Testcase" tests="4" failures="0" timestamp="21 Dec 2017 07:57:01 GMT" time="37.273" errors="0">
  <testcase name="clickOnMakeOrder" time="4.452" classname="com.testcase.MakeOrderTest"/>
  <testcase name="clickOnTagetLanguage" time="24.291" classname="com.testcase.MakeOrderTest"/>
  <testcase name="clickOnSubmit" time="5.465" classname="com.testcase.MakeOrderTest"/>
  <testcase name="clickOnPlaceOrderNow" time="3.048" classname="com.testcase.MakeOrderTest"/>
</testsuite> <!-- Make An Order Testcase -->
