<?xml version="1.0" encoding="UTF-8"?>
<!-- Generated by org.testng.reporters.JUnitXMLReporter -->
<testsuite hostname="fourtek-desktop" ignored="0" name="Project Type Testcase" tests="4" failures="0" timestamp="18 Dec 2017 07:10:56 GMT" time="2.861" errors="0">
  <testcase name="startproject" time="2.137" classname="com.testcase.CreateProjectTest"/>
  <testcase name="typeProjectName" time="0.222" classname="com.testcase.CreateProjectTest"/>
  <testcase name="projectType" time="0.226" classname="com.testcase.CreateProjectTest"/>
  <testcase name="industryType" time="0.268" classname="com.testcase.CreateProjectTest"/>
</testsuite> <!-- Project Type Testcase -->
