<?xml version="1.0" encoding="UTF-8"?>
<testng-results skipped="0" failed="0" ignored="0" total="8" passed="8">
  <reporter-output>
  </reporter-output>
  <suite name="Automation Test Suite" duration-ms="19488" started-at="2017-12-18T11:15:16Z" finished-at="2017-12-18T11:15:35Z">
    <groups>
    </groups>
    <test name="Login Testcase" duration-ms="12258" started-at="2017-12-18T11:15:16Z" finished-at="2017-12-18T11:15:28Z">
      <class name="com.testcase.LoginPageTest">
        <test-method status="PASS" signature="openBrowser()[pri:1, instance:com.testcase.LoginPageTest@68c4039c]" name="openBrowser" duration-ms="6390" started-at="2017-12-18T16:45:16Z" finished-at="2017-12-18T16:45:22Z">
          <reporter-output>
          </reporter-output>
        </test-method> <!-- openBrowser -->
        <test-method status="PASS" signature="doLogin()[pri:2, instance:com.testcase.LoginPageTest@68c4039c]" name="doLogin" duration-ms="5795" started-at="2017-12-18T16:45:22Z" finished-at="2017-12-18T16:45:28Z">
          <reporter-output>
          </reporter-output>
        </test-method> <!-- doLogin -->
      </class> <!-- com.testcase.LoginPageTest -->
    </test> <!-- Login Testcase -->
    <test name="Create Project Testcase" duration-ms="7199" started-at="2017-12-18T11:15:28Z" finished-at="2017-12-18T11:15:35Z">
      <class name="com.testcase.CreateProjectTest">
        <test-method status="PASS" signature="startproject()[pri:0, instance:com.testcase.CreateProjectTest@239963d8]" name="startproject" duration-ms="2073" started-at="2017-12-18T16:45:28Z" finished-at="2017-12-18T16:45:30Z">
          <reporter-output>
          </reporter-output>
        </test-method> <!-- startproject -->
        <test-method status="PASS" signature="typeProjectName()[pri:1, instance:com.testcase.CreateProjectTest@239963d8]" name="typeProjectName" duration-ms="218" started-at="2017-12-18T16:45:30Z" finished-at="2017-12-18T16:45:30Z">
          <reporter-output>
          </reporter-output>
        </test-method> <!-- typeProjectName -->
        <test-method status="PASS" signature="projectType()[pri:2, instance:com.testcase.CreateProjectTest@239963d8]" name="projectType" duration-ms="230" started-at="2017-12-18T16:45:30Z" finished-at="2017-12-18T16:45:31Z">
          <reporter-output>
          </reporter-output>
        </test-method> <!-- projectType -->
        <test-method status="PASS" signature="industryType()[pri:3, instance:com.testcase.CreateProjectTest@239963d8]" name="industryType" duration-ms="257" started-at="2017-12-18T16:45:31Z" finished-at="2017-12-18T16:45:31Z">
          <reporter-output>
          </reporter-output>
        </test-method> <!-- industryType -->
        <test-method status="PASS" signature="targetLanguage()[pri:4, instance:com.testcase.CreateProjectTest@239963d8]" name="targetLanguage" duration-ms="270" started-at="2017-12-18T16:45:31Z" finished-at="2017-12-18T16:45:31Z">
          <reporter-output>
          </reporter-output>
        </test-method> <!-- targetLanguage -->
        <test-method status="PASS" signature="doClickOnLetsStartButton()[pri:5, instance:com.testcase.CreateProjectTest@239963d8]" name="doClickOnLetsStartButton" duration-ms="4132" started-at="2017-12-18T16:45:31Z" finished-at="2017-12-18T16:45:35Z">
          <reporter-output>
          </reporter-output>
        </test-method> <!-- doClickOnLetsStartButton -->
      </class> <!-- com.testcase.CreateProjectTest -->
    </test> <!-- Create Project Testcase -->
  </suite> <!-- Automation Test Suite -->
</testng-results>
