<?xml version="1.0" encoding="UTF-8"?>
<testng-results skipped="0" failed="0" ignored="0" total="10" passed="10">
  <reporter-output>
  </reporter-output>
  <suite name="Automation Test Suite" duration-ms="26511" started-at="2017-12-19T06:51:26Z" finished-at="2017-12-19T06:51:53Z">
    <groups>
    </groups>
    <test name="Login Testcase" duration-ms="13976" started-at="2017-12-19T06:51:26Z" finished-at="2017-12-19T06:51:40Z">
      <class name="com.testcase.LoginPageTest">
        <test-method status="PASS" signature="openBrowser()[pri:1, instance:com.testcase.LoginPageTest@68c4039c]" name="openBrowser" duration-ms="8689" started-at="2017-12-19T12:21:26Z" finished-at="2017-12-19T12:21:35Z">
          <reporter-output>
          </reporter-output>
        </test-method> <!-- openBrowser -->
        <test-method status="PASS" signature="doLogin()[pri:2, instance:com.testcase.LoginPageTest@68c4039c]" name="doLogin" duration-ms="5237" started-at="2017-12-19T12:21:35Z" finished-at="2017-12-19T12:21:40Z">
          <reporter-output>
          </reporter-output>
        </test-method> <!-- doLogin -->
      </class> <!-- com.testcase.LoginPageTest -->
    </test> <!-- Login Testcase -->
    <test name="Create Project Testcase" duration-ms="11069" started-at="2017-12-19T06:51:40Z" finished-at="2017-12-19T06:51:52Z">
      <class name="com.testcase.CreateProjectTest">
        <test-method status="PASS" signature="startproject()[pri:0, instance:com.testcase.CreateProjectTest@239963d8]" name="startproject" duration-ms="1475" started-at="2017-12-19T12:21:40Z" finished-at="2017-12-19T12:21:42Z">
          <reporter-output>
          </reporter-output>
        </test-method> <!-- startproject -->
        <test-method status="PASS" signature="typeProjectName()[pri:1, instance:com.testcase.CreateProjectTest@239963d8]" name="typeProjectName" duration-ms="229" started-at="2017-12-19T12:21:42Z" finished-at="2017-12-19T12:21:42Z">
          <reporter-output>
          </reporter-output>
        </test-method> <!-- typeProjectName -->
        <test-method status="PASS" signature="projectType()[pri:2, instance:com.testcase.CreateProjectTest@239963d8]" name="projectType" duration-ms="1185" started-at="2017-12-19T12:21:42Z" finished-at="2017-12-19T12:21:43Z">
          <reporter-output>
          </reporter-output>
        </test-method> <!-- projectType -->
        <test-method status="PASS" signature="industryType()[pri:3, instance:com.testcase.CreateProjectTest@239963d8]" name="industryType" duration-ms="1220" started-at="2017-12-19T12:21:43Z" finished-at="2017-12-19T12:21:45Z">
          <reporter-output>
          </reporter-output>
        </test-method> <!-- industryType -->
        <test-method status="PASS" signature="targetLanguage()[pri:4, instance:com.testcase.CreateProjectTest@239963d8]" name="targetLanguage" duration-ms="1209" started-at="2017-12-19T12:21:45Z" finished-at="2017-12-19T12:21:46Z">
          <reporter-output>
          </reporter-output>
        </test-method> <!-- targetLanguage -->
        <test-method status="PASS" signature="doClickOnLetsStartButton()[pri:5, instance:com.testcase.CreateProjectTest@239963d8]" name="doClickOnLetsStartButton" duration-ms="5740" started-at="2017-12-19T12:21:46Z" finished-at="2017-12-19T12:21:52Z">
          <reporter-output>
          </reporter-output>
        </test-method> <!-- doClickOnLetsStartButton -->
      </class> <!-- com.testcase.CreateProjectTest -->
    </test> <!-- Create Project Testcase -->
    <test name="File Upload Testcase" duration-ms="1429" started-at="2017-12-19T06:51:52Z" finished-at="2017-12-19T06:51:53Z">
      <class name="com.testcase.FileUploadTest">
        <test-method status="PASS" signature="uploadTheFile()[pri:1, instance:com.testcase.FileUploadTest@553f17c]" name="uploadTheFile" duration-ms="1123" started-at="2017-12-19T12:21:52Z" finished-at="2017-12-19T12:21:53Z">
          <reporter-output>
          </reporter-output>
        </test-method> <!-- uploadTheFile -->
        <test-method status="PASS" signature="enterFileLocation()[pri:2, instance:com.testcase.FileUploadTest@553f17c]" name="enterFileLocation" duration-ms="302" started-at="2017-12-19T12:21:53Z" finished-at="2017-12-19T12:21:53Z">
          <reporter-output>
          </reporter-output>
        </test-method> <!-- enterFileLocation -->
      </class> <!-- com.testcase.FileUploadTest -->
    </test> <!-- File Upload Testcase -->
  </suite> <!-- Automation Test Suite -->
</testng-results>
