<?xml version="1.0" encoding="UTF-8"?>
<testng-results skipped="0" failed="0" ignored="0" total="5" passed="5">
  <reporter-output>
  </reporter-output>
  <suite name="Default suite" duration-ms="30511" started-at="2018-01-02T06:31:10Z" finished-at="2018-01-02T06:31:40Z">
    <groups>
      <group name="Negative">
        <method signature="LoginPageTest.invalidEmail()[pri:2, instance:com.testcase.LoginPageTest@6a41eaa2]" name="invalidEmail" class="com.testcase.LoginPageTest"/>
        <method signature="LoginPageTest.invalidPassword()[pri:3, instance:com.testcase.LoginPageTest@6a41eaa2]" name="invalidPassword" class="com.testcase.LoginPageTest"/>
        <method signature="LoginPageTest.invalidPwdEmail()[pri:4, instance:com.testcase.LoginPageTest@6a41eaa2]" name="invalidPwdEmail" class="com.testcase.LoginPageTest"/>
      </group> <!-- Negative -->
    </groups>
    <test name="Default test" duration-ms="30511" started-at="2018-01-02T06:31:10Z" finished-at="2018-01-02T06:31:40Z">
      <class name="com.testcase.LoginPageTest">
        <test-method status="PASS" signature="openBrowser()[pri:1, instance:com.testcase.LoginPageTest@6a41eaa2]" name="openBrowser" duration-ms="5996" started-at="2018-01-02T12:01:10Z" finished-at="2018-01-02T12:01:16Z">
          <reporter-output>
          </reporter-output>
        </test-method> <!-- openBrowser -->
        <test-method status="PASS" signature="invalidEmail()[pri:2, instance:com.testcase.LoginPageTest@6a41eaa2]" name="invalidEmail" duration-ms="5335" started-at="2018-01-02T12:01:16Z" finished-at="2018-01-02T12:01:21Z">
          <reporter-output>
          </reporter-output>
        </test-method> <!-- invalidEmail -->
        <test-method status="PASS" signature="invalidPassword()[pri:3, instance:com.testcase.LoginPageTest@6a41eaa2]" name="invalidPassword" duration-ms="5230" started-at="2018-01-02T12:01:21Z" finished-at="2018-01-02T12:01:27Z">
          <reporter-output>
          </reporter-output>
        </test-method> <!-- invalidPassword -->
        <test-method status="PASS" signature="invalidPwdEmail()[pri:4, instance:com.testcase.LoginPageTest@6a41eaa2]" name="invalidPwdEmail" duration-ms="5052" started-at="2018-01-02T12:01:27Z" finished-at="2018-01-02T12:01:32Z">
          <reporter-output>
          </reporter-output>
        </test-method> <!-- invalidPwdEmail -->
        <test-method status="PASS" signature="doLogin()[pri:5, instance:com.testcase.LoginPageTest@6a41eaa2]" name="doLogin" duration-ms="8856" started-at="2018-01-02T12:01:32Z" finished-at="2018-01-02T12:01:40Z">
          <reporter-output>
          </reporter-output>
        </test-method> <!-- doLogin -->
      </class> <!-- com.testcase.LoginPageTest -->
    </test> <!-- Default test -->
  </suite> <!-- Default suite -->
</testng-results>
