<?xml version="1.0" encoding="UTF-8"?>
<testng-results skipped="0" failed="1" ignored="0" total="15" passed="14">
  <reporter-output>
  </reporter-output>
  <suite name="Automation Test Suite" duration-ms="61630" started-at="2017-12-22T05:33:05Z" finished-at="2017-12-22T05:34:07Z">
    <groups>
    </groups>
    <test name="Login Testcase" duration-ms="12359" started-at="2017-12-22T05:33:05Z" finished-at="2017-12-22T05:33:17Z">
      <class name="com.testcase.LoginPageTest">
        <test-method status="PASS" signature="openBrowser()[pri:1, instance:com.testcase.LoginPageTest@68c4039c]" name="openBrowser" duration-ms="6294" started-at="2017-12-22T11:03:05Z" finished-at="2017-12-22T11:03:11Z">
          <reporter-output>
          </reporter-output>
        </test-method> <!-- openBrowser -->
        <test-method status="PASS" signature="doLogin()[pri:2, instance:com.testcase.LoginPageTest@68c4039c]" name="doLogin" duration-ms="6006" started-at="2017-12-22T11:03:11Z" finished-at="2017-12-22T11:03:17Z">
          <reporter-output>
          </reporter-output>
        </test-method> <!-- doLogin -->
      </class> <!-- com.testcase.LoginPageTest -->
    </test> <!-- Login Testcase -->
    <test name="Create Project Testcase" duration-ms="11595" started-at="2017-12-22T05:33:17Z" finished-at="2017-12-22T05:33:29Z">
      <class name="com.testcase.CreateProjectTest">
        <test-method status="PASS" signature="startproject()[pri:0, instance:com.testcase.CreateProjectTest@239963d8]" name="startproject" duration-ms="2042" started-at="2017-12-22T11:03:17Z" finished-at="2017-12-22T11:03:20Z">
          <reporter-output>
          </reporter-output>
        </test-method> <!-- startproject -->
        <test-method status="PASS" signature="typeProjectName()[pri:1, instance:com.testcase.CreateProjectTest@239963d8]" name="typeProjectName" duration-ms="181" started-at="2017-12-22T11:03:20Z" finished-at="2017-12-22T11:03:20Z">
          <reporter-output>
          </reporter-output>
        </test-method> <!-- typeProjectName -->
        <test-method status="PASS" signature="projectType()[pri:2, instance:com.testcase.CreateProjectTest@239963d8]" name="projectType" duration-ms="1200" started-at="2017-12-22T11:03:20Z" finished-at="2017-12-22T11:03:21Z">
          <reporter-output>
          </reporter-output>
        </test-method> <!-- projectType -->
        <test-method status="PASS" signature="industryType()[pri:3, instance:com.testcase.CreateProjectTest@239963d8]" name="industryType" duration-ms="1227" started-at="2017-12-22T11:03:21Z" finished-at="2017-12-22T11:03:22Z">
          <reporter-output>
          </reporter-output>
        </test-method> <!-- industryType -->
        <test-method status="PASS" signature="targetLanguage()[pri:4, instance:com.testcase.CreateProjectTest@239963d8]" name="targetLanguage" duration-ms="1214" started-at="2017-12-22T11:03:22Z" finished-at="2017-12-22T11:03:23Z">
          <reporter-output>
          </reporter-output>
        </test-method> <!-- targetLanguage -->
        <test-method status="PASS" signature="doClickOnLetsStartButton()[pri:5, instance:com.testcase.CreateProjectTest@239963d8]" name="doClickOnLetsStartButton" duration-ms="5719" started-at="2017-12-22T11:03:23Z" finished-at="2017-12-22T11:03:29Z">
          <reporter-output>
          </reporter-output>
        </test-method> <!-- doClickOnLetsStartButton -->
      </class> <!-- com.testcase.CreateProjectTest -->
    </test> <!-- Create Project Testcase -->
    <test name="File Upload Testcase" duration-ms="19624" started-at="2017-12-22T05:33:29Z" finished-at="2017-12-22T05:33:49Z">
      <class name="com.testcase.FileUploadTest">
        <test-method status="PASS" signature="clickOnAddNewFile()[pri:1, instance:com.testcase.FileUploadTest@553f17c]" name="clickOnAddNewFile" duration-ms="4179" started-at="2017-12-22T11:03:29Z" finished-at="2017-12-22T11:03:33Z">
          <reporter-output>
          </reporter-output>
        </test-method> <!-- clickOnAddNewFile -->
        <test-method status="PASS" signature="enterFileLocation()[pri:2, instance:com.testcase.FileUploadTest@553f17c]" name="enterFileLocation" duration-ms="5402" started-at="2017-12-22T11:03:33Z" depends-on-methods="com.testcase.FileUploadTest.clickOnAddNewFile" finished-at="2017-12-22T11:03:39Z">
          <reporter-output>
          </reporter-output>
        </test-method> <!-- enterFileLocation -->
        <test-method status="PASS" signature="selectFileType()[pri:3, instance:com.testcase.FileUploadTest@553f17c]" name="selectFileType" duration-ms="10038" started-at="2017-12-22T11:03:39Z" depends-on-methods="com.testcase.FileUploadTest.enterFileLocation" finished-at="2017-12-22T11:03:49Z">
          <reporter-output>
          </reporter-output>
        </test-method> <!-- selectFileType -->
      </class> <!-- com.testcase.FileUploadTest -->
    </test> <!-- File Upload Testcase -->
    <test name="Make An Order Testcase" duration-ms="18021" started-at="2017-12-22T05:33:49Z" finished-at="2017-12-22T05:34:07Z">
      <class name="com.testcase.MakeOrderTest">
        <test-method status="PASS" signature="clickOnMakeOrder()[pri:1, instance:com.testcase.MakeOrderTest@73ad2d6]" name="clickOnMakeOrder" duration-ms="4349" started-at="2017-12-22T11:03:49Z" finished-at="2017-12-22T11:03:53Z">
          <reporter-output>
          </reporter-output>
        </test-method> <!-- clickOnMakeOrder -->
        <test-method status="PASS" signature="clickOnTagetLanguage()[pri:2, instance:com.testcase.MakeOrderTest@73ad2d6]" name="clickOnTagetLanguage" duration-ms="4201" started-at="2017-12-22T11:03:53Z" finished-at="2017-12-22T11:03:57Z">
          <reporter-output>
          </reporter-output>
        </test-method> <!-- clickOnTagetLanguage -->
        <test-method status="FAIL" signature="clickOnSubmit()[pri:3, instance:com.testcase.MakeOrderTest@73ad2d6]" name="clickOnSubmit" duration-ms="2180" started-at="2017-12-22T11:03:57Z" finished-at="2017-12-22T11:03:59Z">
          <exception class="java.lang.AssertionError">
            <message>
              <![CDATA[expected [Place Order Now] but found []]]>
            </message>
            <full-stacktrace>
              <![CDATA[java.lang.AssertionError: expected [Place Order Now] but found []at org.testng.Assert.fail(Assert.java:96)at org.testng.Assert.failNotEquals(Assert.java:776)at org.testng.Assert.assertEqualsImpl(Assert.java:137)at org.testng.Assert.assertEquals(Assert.java:118)at org.testng.Assert.assertEquals(Assert.java:453)at org.testng.Assert.assertEquals(Assert.java:463)at com.testcase.MakeOrderTest.clickOnSubmit(MakeOrderTest.java:33)at sun.reflect.NativeMethodAccessorImpl.invoke0(Native Method)at sun.reflect.NativeMethodAccessorImpl.invoke(NativeMethodAccessorImpl.java:62)at sun.reflect.DelegatingMethodAccessorImpl.invoke(DelegatingMethodAccessorImpl.java:43)at java.lang.reflect.Method.invoke(Method.java:498)at org.testng.internal.MethodInvocationHelper.invokeMethod(MethodInvocationHelper.java:124)at org.testng.internal.Invoker.invokeMethod(Invoker.java:571)at org.testng.internal.Invoker.invokeTestMethod(Invoker.java:707)at org.testng.internal.Invoker.invokeTestMethods(Invoker.java:979)at org.testng.internal.TestMethodWorker.invokeTestMethods(TestMethodWorker.java:125)at org.testng.internal.TestMethodWorker.run(TestMethodWorker.java:109)at org.testng.TestRunner.privateRun(TestRunner.java:648)at org.testng.TestRunner.run(TestRunner.java:505)at org.testng.SuiteRunner.runTest(SuiteRunner.java:455)at org.testng.SuiteRunner.runSequentially(SuiteRunner.java:450)at org.testng.SuiteRunner.privateRun(SuiteRunner.java:415)at org.testng.SuiteRunner.run(SuiteRunner.java:364)at org.testng.SuiteRunnerWorker.runSuite(SuiteRunnerWorker.java:52)at org.testng.SuiteRunnerWorker.run(SuiteRunnerWorker.java:84)at org.testng.TestNG.runSuitesSequentially(TestNG.java:1187)at org.testng.TestNG.runSuitesLocally(TestNG.java:1116)at org.testng.TestNG.runSuites(TestNG.java:1028)at org.testng.TestNG.run(TestNG.java:996)at org.testng.remote.AbstractRemoteTestNG.run(AbstractRemoteTestNG.java:114)at org.testng.remote.RemoteTestNG.initAndRun(RemoteTestNG.java:251)at org.testng.remote.RemoteTestNG.main(RemoteTestNG.java:77)]]>
            </full-stacktrace>
          </exception> <!-- java.lang.AssertionError -->
          <reporter-output>
          </reporter-output>
        </test-method> <!-- clickOnSubmit -->
        <test-method status="PASS" signature="clickOnPlaceOrderNow()[pri:4, instance:com.testcase.MakeOrderTest@73ad2d6]" name="clickOnPlaceOrderNow" duration-ms="7282" started-at="2017-12-22T11:03:59Z" finished-at="2017-12-22T11:04:07Z">
          <reporter-output>
          </reporter-output>
        </test-method> <!-- clickOnPlaceOrderNow -->
      </class> <!-- com.testcase.MakeOrderTest -->
    </test> <!-- Make An Order Testcase -->
  </suite> <!-- Automation Test Suite -->
</testng-results>
