<?xml version="1.0" encoding="UTF-8"?>
<testng-results skipped="0" failed="1" ignored="0" total="21" passed="20">
  <reporter-output>
  </reporter-output>
  <suite name="Automation Test Suite" duration-ms="126275" started-at="2018-01-02T09:57:33Z" finished-at="2018-01-02T09:59:39Z">
    <groups>
      <group name="Negative">
        <method signature="LoginPageTest.invalidEmail()[pri:2, instance:com.testcase.LoginPageTest@685cb137]" name="invalidEmail" class="com.testcase.LoginPageTest"/>
        <method signature="LoginPageTest.invalidPassword()[pri:3, instance:com.testcase.LoginPageTest@685cb137]" name="invalidPassword" class="com.testcase.LoginPageTest"/>
        <method signature="LoginPageTest.invalidPwdEmail()[pri:4, instance:com.testcase.LoginPageTest@685cb137]" name="invalidPwdEmail" class="com.testcase.LoginPageTest"/>
        <method signature="CreateProjectTest.onlyEnterProjectName()[pri:2, instance:com.testcase.CreateProjectTest@3fee9989]" name="onlyEnterProjectName" class="com.testcase.CreateProjectTest"/>
        <method signature="CreateProjectTest.onlySelectTargetLanguage()[pri:3, instance:com.testcase.CreateProjectTest@3fee9989]" name="onlySelectTargetLanguage" class="com.testcase.CreateProjectTest"/>
        <method signature="CreateProjectTest.withOutSelectAllOptions()[pri:1, instance:com.testcase.CreateProjectTest@3fee9989]" name="withOutSelectAllOptions" class="com.testcase.CreateProjectTest"/>
      </group> <!-- Negative -->
    </groups>
    <test name="Login Testcase" duration-ms="42053" started-at="2018-01-02T09:57:33Z" finished-at="2018-01-02T09:58:15Z">
      <class name="com.testcase.LoginPageTest">
        <test-method status="PASS" signature="openBrowser()[pri:1, instance:com.testcase.LoginPageTest@685cb137]" name="openBrowser" duration-ms="11347" started-at="2018-01-02T15:27:33Z" finished-at="2018-01-02T15:27:44Z">
          <reporter-output>
          </reporter-output>
        </test-method> <!-- openBrowser -->
        <test-method status="PASS" signature="invalidEmail()[pri:2, instance:com.testcase.LoginPageTest@685cb137]" name="invalidEmail" duration-ms="5592" started-at="2018-01-02T15:27:44Z" finished-at="2018-01-02T15:27:50Z">
          <reporter-output>
          </reporter-output>
        </test-method> <!-- invalidEmail -->
        <test-method status="PASS" signature="invalidPassword()[pri:3, instance:com.testcase.LoginPageTest@685cb137]" name="invalidPassword" duration-ms="9913" started-at="2018-01-02T15:27:50Z" finished-at="2018-01-02T15:27:59Z">
          <reporter-output>
          </reporter-output>
        </test-method> <!-- invalidPassword -->
        <test-method status="PASS" signature="invalidPwdEmail()[pri:4, instance:com.testcase.LoginPageTest@685cb137]" name="invalidPwdEmail" duration-ms="5301" started-at="2018-01-02T15:27:59Z" finished-at="2018-01-02T15:28:05Z">
          <reporter-output>
          </reporter-output>
        </test-method> <!-- invalidPwdEmail -->
        <test-method status="PASS" signature="doLogin()[pri:5, instance:com.testcase.LoginPageTest@685cb137]" name="doLogin" duration-ms="9847" started-at="2018-01-02T15:28:05Z" finished-at="2018-01-02T15:28:15Z">
          <reporter-output>
          </reporter-output>
        </test-method> <!-- doLogin -->
      </class> <!-- com.testcase.LoginPageTest -->
    </test> <!-- Login Testcase -->
    <test name="Create Project Testcase" duration-ms="50672" started-at="2018-01-02T09:58:15Z" finished-at="2018-01-02T09:59:05Z">
      <class name="com.testcase.CreateProjectTest">
        <test-method status="FAIL" signature="startProject()[pri:0, instance:com.testcase.CreateProjectTest@3fee9989]" name="startProject" duration-ms="27012" started-at="2018-01-02T15:28:15Z" finished-at="2018-01-02T15:28:42Z">
          <exception class="java.lang.AssertionError">
            <message>
              <![CDATA[expected [http://dev.devnagri.co.in/projects/start] but found [http://staging.devnagri.com/projects/start]]]>
            </message>
            <full-stacktrace>
              <![CDATA[java.lang.AssertionError: expected [http://dev.devnagri.co.in/projects/start] but found [http://staging.devnagri.com/projects/start]at org.testng.Assert.fail(Assert.java:96)at org.testng.Assert.failNotEquals(Assert.java:776)at org.testng.Assert.assertEqualsImpl(Assert.java:137)at org.testng.Assert.assertEquals(Assert.java:118)at org.testng.Assert.assertEquals(Assert.java:453)at org.testng.Assert.assertEquals(Assert.java:463)at com.testcase.CreateProjectTest.startProject(CreateProjectTest.java:21)at sun.reflect.NativeMethodAccessorImpl.invoke0(Native Method)at sun.reflect.NativeMethodAccessorImpl.invoke(NativeMethodAccessorImpl.java:62)at sun.reflect.DelegatingMethodAccessorImpl.invoke(DelegatingMethodAccessorImpl.java:43)at java.lang.reflect.Method.invoke(Method.java:498)at org.testng.internal.MethodInvocationHelper.invokeMethod(MethodInvocationHelper.java:124)at org.testng.internal.Invoker.invokeMethod(Invoker.java:571)at org.testng.internal.Invoker.invokeTestMethod(Invoker.java:707)at org.testng.internal.Invoker.invokeTestMethods(Invoker.java:979)at org.testng.internal.TestMethodWorker.invokeTestMethods(TestMethodWorker.java:125)at org.testng.internal.TestMethodWorker.run(TestMethodWorker.java:109)at org.testng.TestRunner.privateRun(TestRunner.java:648)at org.testng.TestRunner.run(TestRunner.java:505)at org.testng.SuiteRunner.runTest(SuiteRunner.java:455)at org.testng.SuiteRunner.runSequentially(SuiteRunner.java:450)at org.testng.SuiteRunner.privateRun(SuiteRunner.java:415)at org.testng.SuiteRunner.run(SuiteRunner.java:364)at org.testng.SuiteRunnerWorker.runSuite(SuiteRunnerWorker.java:52)at org.testng.SuiteRunnerWorker.run(SuiteRunnerWorker.java:84)at org.testng.TestNG.runSuitesSequentially(TestNG.java:1187)at org.testng.TestNG.runSuitesLocally(TestNG.java:1116)at org.testng.TestNG.runSuites(TestNG.java:1028)at org.testng.TestNG.run(TestNG.java:996)at org.testng.remote.AbstractRemoteTestNG.run(AbstractRemoteTestNG.java:114)at org.testng.remote.RemoteTestNG.initAndRun(RemoteTestNG.java:251)at org.testng.remote.RemoteTestNG.main(RemoteTestNG.java:77)]]>
            </full-stacktrace>
          </exception> <!-- java.lang.AssertionError -->
          <reporter-output>
          </reporter-output>
        </test-method> <!-- startProject -->
        <test-method status="PASS" signature="withOutSelectAllOptions()[pri:1, instance:com.testcase.CreateProjectTest@3fee9989]" name="withOutSelectAllOptions" duration-ms="2417" started-at="2018-01-02T15:28:42Z" finished-at="2018-01-02T15:28:44Z">
          <reporter-output>
          </reporter-output>
        </test-method> <!-- withOutSelectAllOptions -->
        <test-method status="PASS" signature="onlyEnterProjectName()[pri:2, instance:com.testcase.CreateProjectTest@3fee9989]" name="onlyEnterProjectName" duration-ms="4253" started-at="2018-01-02T15:28:44Z" finished-at="2018-01-02T15:28:48Z">
          <reporter-output>
          </reporter-output>
        </test-method> <!-- onlyEnterProjectName -->
        <test-method status="PASS" signature="onlySelectTargetLanguage()[pri:3, instance:com.testcase.CreateProjectTest@3fee9989]" name="onlySelectTargetLanguage" duration-ms="3597" started-at="2018-01-02T15:28:48Z" finished-at="2018-01-02T15:28:52Z">
          <reporter-output>
          </reporter-output>
        </test-method> <!-- onlySelectTargetLanguage -->
        <test-method status="PASS" signature="typeProjectName()[pri:4, instance:com.testcase.CreateProjectTest@3fee9989]" name="typeProjectName" duration-ms="163" started-at="2018-01-02T15:28:52Z" finished-at="2018-01-02T15:28:52Z">
          <reporter-output>
          </reporter-output>
        </test-method> <!-- typeProjectName -->
        <test-method status="PASS" signature="projectType()[pri:5, instance:com.testcase.CreateProjectTest@3fee9989]" name="projectType" duration-ms="1229" started-at="2018-01-02T15:28:52Z" finished-at="2018-01-02T15:28:53Z">
          <reporter-output>
          </reporter-output>
        </test-method> <!-- projectType -->
        <test-method status="PASS" signature="industryType()[pri:6, instance:com.testcase.CreateProjectTest@3fee9989]" name="industryType" duration-ms="1209" started-at="2018-01-02T15:28:53Z" finished-at="2018-01-02T15:28:54Z">
          <reporter-output>
          </reporter-output>
        </test-method> <!-- industryType -->
        <test-method status="PASS" signature="targetLanguage()[pri:7, instance:com.testcase.CreateProjectTest@3fee9989]" name="targetLanguage" duration-ms="1267" started-at="2018-01-02T15:28:55Z" finished-at="2018-01-02T15:28:56Z">
          <reporter-output>
          </reporter-output>
        </test-method> <!-- targetLanguage -->
        <test-method status="PASS" signature="doClickOnLetsStartButton()[pri:8, instance:com.testcase.CreateProjectTest@3fee9989]" name="doClickOnLetsStartButton" duration-ms="9501" started-at="2018-01-02T15:28:56Z" finished-at="2018-01-02T15:29:05Z">
          <reporter-output>
          </reporter-output>
        </test-method> <!-- doClickOnLetsStartButton -->
      </class> <!-- com.testcase.CreateProjectTest -->
    </test> <!-- Create Project Testcase -->
    <test name="File Upload Testcase" duration-ms="16544" started-at="2018-01-02T09:59:05Z" finished-at="2018-01-02T09:59:22Z">
      <class name="com.testcase.FileUploadTest">
        <test-method status="PASS" signature="clickOnAddNewFile()[pri:1, instance:com.testcase.FileUploadTest@5f2108b5]" name="clickOnAddNewFile" duration-ms="4188" started-at="2018-01-02T15:29:05Z" finished-at="2018-01-02T15:29:09Z">
          <reporter-output>
          </reporter-output>
        </test-method> <!-- clickOnAddNewFile -->
        <test-method status="PASS" signature="enterFileLocation()[pri:2, instance:com.testcase.FileUploadTest@5f2108b5]" name="enterFileLocation" duration-ms="5429" started-at="2018-01-02T15:29:09Z" depends-on-methods="com.testcase.FileUploadTest.clickOnAddNewFile" finished-at="2018-01-02T15:29:15Z">
          <reporter-output>
          </reporter-output>
        </test-method> <!-- enterFileLocation -->
        <test-method status="PASS" signature="selectFileType()[pri:3, instance:com.testcase.FileUploadTest@5f2108b5]" name="selectFileType" duration-ms="6921" started-at="2018-01-02T15:29:15Z" depends-on-methods="com.testcase.FileUploadTest.enterFileLocation" finished-at="2018-01-02T15:29:22Z">
          <reporter-output>
          </reporter-output>
        </test-method> <!-- selectFileType -->
      </class> <!-- com.testcase.FileUploadTest -->
    </test> <!-- File Upload Testcase -->
    <test name="Make An Order Testcase" duration-ms="16970" started-at="2018-01-02T09:59:22Z" finished-at="2018-01-02T09:59:39Z">
      <class name="com.testcase.MakeOrderTest">
        <test-method status="PASS" signature="clickOnMakeOrder()[pri:1, instance:com.testcase.MakeOrderTest@5cb9f472]" name="clickOnMakeOrder" duration-ms="4213" started-at="2018-01-02T15:29:22Z" finished-at="2018-01-02T15:29:26Z">
          <reporter-output>
          </reporter-output>
        </test-method> <!-- clickOnMakeOrder -->
        <test-method status="PASS" signature="clickOnTagetLanguage()[pri:2, instance:com.testcase.MakeOrderTest@5cb9f472]" name="clickOnTagetLanguage" duration-ms="4220" started-at="2018-01-02T15:29:26Z" finished-at="2018-01-02T15:29:30Z">
          <reporter-output>
          </reporter-output>
        </test-method> <!-- clickOnTagetLanguage -->
        <test-method status="PASS" signature="clickOnSubmit()[pri:3, instance:com.testcase.MakeOrderTest@5cb9f472]" name="clickOnSubmit" duration-ms="7071" started-at="2018-01-02T15:29:30Z" finished-at="2018-01-02T15:29:37Z">
          <reporter-output>
          </reporter-output>
        </test-method> <!-- clickOnSubmit -->
        <test-method status="PASS" signature="clickOnPlaceOrderNow()[pri:4, instance:com.testcase.MakeOrderTest@5cb9f472]" name="clickOnPlaceOrderNow" duration-ms="1461" started-at="2018-01-02T15:29:37Z" finished-at="2018-01-02T15:29:39Z">
          <reporter-output>
          </reporter-output>
        </test-method> <!-- clickOnPlaceOrderNow -->
      </class> <!-- com.testcase.MakeOrderTest -->
    </test> <!-- Make An Order Testcase -->
  </suite> <!-- Automation Test Suite -->
</testng-results>
