<?xml version="1.0" encoding="UTF-8"?>
<testng-results skipped="0" failed="0" ignored="0" total="10" passed="10">
  <reporter-output>
  </reporter-output>
  <suite name="Automation Test Suite" duration-ms="27865" started-at="2017-12-19T10:05:08Z" finished-at="2017-12-19T10:05:36Z">
    <groups>
    </groups>
    <test name="Login Testcase" duration-ms="12709" started-at="2017-12-19T10:05:08Z" finished-at="2017-12-19T10:05:21Z">
      <class name="com.testcase.LoginPageTest">
        <test-method status="PASS" signature="openBrowser()[pri:1, instance:com.testcase.LoginPageTest@68c4039c]" name="openBrowser" duration-ms="7038" started-at="2017-12-19T15:35:08Z" finished-at="2017-12-19T15:35:15Z">
          <reporter-output>
          </reporter-output>
        </test-method> <!-- openBrowser -->
        <test-method status="PASS" signature="doLogin()[pri:2, instance:com.testcase.LoginPageTest@68c4039c]" name="doLogin" duration-ms="5622" started-at="2017-12-19T15:35:15Z" finished-at="2017-12-19T15:35:21Z">
          <reporter-output>
          </reporter-output>
        </test-method> <!-- doLogin -->
      </class> <!-- com.testcase.LoginPageTest -->
    </test> <!-- Login Testcase -->
    <test name="Create Project Testcase" duration-ms="11511" started-at="2017-12-19T10:05:21Z" finished-at="2017-12-19T10:05:33Z">
      <class name="com.testcase.CreateProjectTest">
        <test-method status="PASS" signature="startproject()[pri:0, instance:com.testcase.CreateProjectTest@239963d8]" name="startproject" duration-ms="1557" started-at="2017-12-19T15:35:21Z" finished-at="2017-12-19T15:35:23Z">
          <reporter-output>
          </reporter-output>
        </test-method> <!-- startproject -->
        <test-method status="PASS" signature="typeProjectName()[pri:1, instance:com.testcase.CreateProjectTest@239963d8]" name="typeProjectName" duration-ms="277" started-at="2017-12-19T15:35:23Z" finished-at="2017-12-19T15:35:23Z">
          <reporter-output>
          </reporter-output>
        </test-method> <!-- typeProjectName -->
        <test-method status="PASS" signature="projectType()[pri:2, instance:com.testcase.CreateProjectTest@239963d8]" name="projectType" duration-ms="1213" started-at="2017-12-19T15:35:23Z" finished-at="2017-12-19T15:35:24Z">
          <reporter-output>
          </reporter-output>
        </test-method> <!-- projectType -->
        <test-method status="PASS" signature="industryType()[pri:3, instance:com.testcase.CreateProjectTest@239963d8]" name="industryType" duration-ms="1203" started-at="2017-12-19T15:35:24Z" finished-at="2017-12-19T15:35:25Z">
          <reporter-output>
          </reporter-output>
        </test-method> <!-- industryType -->
        <test-method status="PASS" signature="targetLanguage()[pri:4, instance:com.testcase.CreateProjectTest@239963d8]" name="targetLanguage" duration-ms="1229" started-at="2017-12-19T15:35:25Z" finished-at="2017-12-19T15:35:27Z">
          <reporter-output>
          </reporter-output>
        </test-method> <!-- targetLanguage -->
        <test-method status="PASS" signature="doClickOnLetsStartButton()[pri:5, instance:com.testcase.CreateProjectTest@239963d8]" name="doClickOnLetsStartButton" duration-ms="6013" started-at="2017-12-19T15:35:27Z" finished-at="2017-12-19T15:35:33Z">
          <reporter-output>
          </reporter-output>
        </test-method> <!-- doClickOnLetsStartButton -->
      </class> <!-- com.testcase.CreateProjectTest -->
    </test> <!-- Create Project Testcase -->
    <test name="File Upload Testcase" duration-ms="3628" started-at="2017-12-19T10:05:33Z" finished-at="2017-12-19T10:05:36Z">
      <class name="com.testcase.FileUploadTest">
        <test-method status="PASS" signature="clickOnAddNewFile()[pri:1, instance:com.testcase.FileUploadTest@553f17c]" name="clickOnAddNewFile" duration-ms="1130" started-at="2017-12-19T15:35:33Z" finished-at="2017-12-19T15:35:34Z">
          <reporter-output>
          </reporter-output>
        </test-method> <!-- clickOnAddNewFile -->
        <test-method status="PASS" signature="enterFileLocation()[pri:2, instance:com.testcase.FileUploadTest@553f17c]" name="enterFileLocation" duration-ms="2476" started-at="2017-12-19T15:35:34Z" depends-on-methods="com.testcase.FileUploadTest.clickOnAddNewFile" finished-at="2017-12-19T15:35:36Z">
          <reporter-output>
          </reporter-output>
        </test-method> <!-- enterFileLocation -->
      </class> <!-- com.testcase.FileUploadTest -->
    </test> <!-- File Upload Testcase -->
  </suite> <!-- Automation Test Suite -->
</testng-results>
