<?xml version="1.0" encoding="UTF-8"?>
<testng-results skipped="0" failed="1" ignored="0" total="11" passed="10">
  <reporter-output>
  </reporter-output>
  <suite name="Automation Test Suite" duration-ms="33956" started-at="2017-12-19T12:43:31Z" finished-at="2017-12-19T12:44:05Z">
    <groups>
    </groups>
    <test name="Login Testcase" duration-ms="16289" started-at="2017-12-19T12:43:31Z" finished-at="2017-12-19T12:43:47Z">
      <class name="com.testcase.LoginPageTest">
        <test-method status="PASS" signature="openBrowser()[pri:1, instance:com.testcase.LoginPageTest@68c4039c]" name="openBrowser" duration-ms="10690" started-at="2017-12-19T18:13:31Z" finished-at="2017-12-19T18:13:42Z">
          <reporter-output>
          </reporter-output>
        </test-method> <!-- openBrowser -->
        <test-method status="PASS" signature="doLogin()[pri:2, instance:com.testcase.LoginPageTest@68c4039c]" name="doLogin" duration-ms="5556" started-at="2017-12-19T18:13:42Z" finished-at="2017-12-19T18:13:47Z">
          <reporter-output>
          </reporter-output>
        </test-method> <!-- doLogin -->
      </class> <!-- com.testcase.LoginPageTest -->
    </test> <!-- Login Testcase -->
    <test name="Create Project Testcase" duration-ms="10721" started-at="2017-12-19T12:43:47Z" finished-at="2017-12-19T12:43:58Z">
      <class name="com.testcase.CreateProjectTest">
        <test-method status="PASS" signature="startproject()[pri:0, instance:com.testcase.CreateProjectTest@239963d8]" name="startproject" duration-ms="1738" started-at="2017-12-19T18:13:47Z" finished-at="2017-12-19T18:13:49Z">
          <reporter-output>
          </reporter-output>
        </test-method> <!-- startproject -->
        <test-method status="PASS" signature="typeProjectName()[pri:1, instance:com.testcase.CreateProjectTest@239963d8]" name="typeProjectName" duration-ms="237" started-at="2017-12-19T18:13:49Z" finished-at="2017-12-19T18:13:49Z">
          <reporter-output>
          </reporter-output>
        </test-method> <!-- typeProjectName -->
        <test-method status="PASS" signature="projectType()[pri:2, instance:com.testcase.CreateProjectTest@239963d8]" name="projectType" duration-ms="1237" started-at="2017-12-19T18:13:49Z" finished-at="2017-12-19T18:13:50Z">
          <reporter-output>
          </reporter-output>
        </test-method> <!-- projectType -->
        <test-method status="PASS" signature="industryType()[pri:3, instance:com.testcase.CreateProjectTest@239963d8]" name="industryType" duration-ms="1202" started-at="2017-12-19T18:13:50Z" finished-at="2017-12-19T18:13:52Z">
          <reporter-output>
          </reporter-output>
        </test-method> <!-- industryType -->
        <test-method status="PASS" signature="targetLanguage()[pri:4, instance:com.testcase.CreateProjectTest@239963d8]" name="targetLanguage" duration-ms="1211" started-at="2017-12-19T18:13:52Z" finished-at="2017-12-19T18:13:53Z">
          <reporter-output>
          </reporter-output>
        </test-method> <!-- targetLanguage -->
        <test-method status="PASS" signature="doClickOnLetsStartButton()[pri:5, instance:com.testcase.CreateProjectTest@239963d8]" name="doClickOnLetsStartButton" duration-ms="5081" started-at="2017-12-19T18:13:53Z" finished-at="2017-12-19T18:13:58Z">
          <reporter-output>
          </reporter-output>
        </test-method> <!-- doClickOnLetsStartButton -->
      </class> <!-- com.testcase.CreateProjectTest -->
    </test> <!-- Create Project Testcase -->
    <test name="File Upload Testcase" duration-ms="6909" started-at="2017-12-19T12:43:58Z" finished-at="2017-12-19T12:44:05Z">
      <class name="com.testcase.FileUploadTest">
        <test-method status="PASS" signature="clickOnAddNewFile()[pri:1, instance:com.testcase.FileUploadTest@553f17c]" name="clickOnAddNewFile" duration-ms="1119" started-at="2017-12-19T18:13:58Z" finished-at="2017-12-19T18:13:59Z">
          <reporter-output>
          </reporter-output>
        </test-method> <!-- clickOnAddNewFile -->
        <test-method status="PASS" signature="enterFileLocation()[pri:2, instance:com.testcase.FileUploadTest@553f17c]" name="enterFileLocation" duration-ms="5559" started-at="2017-12-19T18:13:59Z" depends-on-methods="com.testcase.FileUploadTest.clickOnAddNewFile" finished-at="2017-12-19T18:14:05Z">
          <reporter-output>
          </reporter-output>
        </test-method> <!-- enterFileLocation -->
        <test-method status="FAIL" signature="selectFileType()[pri:3, instance:com.testcase.FileUploadTest@553f17c]" name="selectFileType" duration-ms="220" started-at="2017-12-19T18:14:05Z" depends-on-methods="com.testcase.FileUploadTest.enterFileLocation" finished-at="2017-12-19T18:14:05Z">
          <exception class="java.lang.IndexOutOfBoundsException">
            <message>
              <![CDATA[Index: 2, Size: 2]]>
            </message>
            <full-stacktrace>
              <![CDATA[java.lang.IndexOutOfBoundsException: Index: 2, Size: 2at java.util.ArrayList.rangeCheck(ArrayList.java:657)at java.util.ArrayList.get(ArrayList.java:433)at com.pages.product.FileUpload.fileSelectionPop(FileUpload.java:118)at com.testcase.FileUploadTest.selectFileType(FileUploadTest.java:51)at sun.reflect.NativeMethodAccessorImpl.invoke0(Native Method)at sun.reflect.NativeMethodAccessorImpl.invoke(NativeMethodAccessorImpl.java:62)at sun.reflect.DelegatingMethodAccessorImpl.invoke(DelegatingMethodAccessorImpl.java:43)at java.lang.reflect.Method.invoke(Method.java:498)at org.testng.internal.MethodInvocationHelper.invokeMethod(MethodInvocationHelper.java:124)at org.testng.internal.Invoker.invokeMethod(Invoker.java:571)at org.testng.internal.Invoker.invokeTestMethod(Invoker.java:707)at org.testng.internal.Invoker.invokeTestMethods(Invoker.java:979)at org.testng.internal.TestMethodWorker.invokeTestMethods(TestMethodWorker.java:125)at org.testng.internal.TestMethodWorker.run(TestMethodWorker.java:109)at org.testng.TestRunner.privateRun(TestRunner.java:648)at org.testng.TestRunner.run(TestRunner.java:505)at org.testng.SuiteRunner.runTest(SuiteRunner.java:455)at org.testng.SuiteRunner.runSequentially(SuiteRunner.java:450)at org.testng.SuiteRunner.privateRun(SuiteRunner.java:415)at org.testng.SuiteRunner.run(SuiteRunner.java:364)at org.testng.SuiteRunnerWorker.runSuite(SuiteRunnerWorker.java:52)at org.testng.SuiteRunnerWorker.run(SuiteRunnerWorker.java:84)at org.testng.TestNG.runSuitesSequentially(TestNG.java:1187)at org.testng.TestNG.runSuitesLocally(TestNG.java:1116)at org.testng.TestNG.runSuites(TestNG.java:1028)at org.testng.TestNG.run(TestNG.java:996)at org.testng.remote.AbstractRemoteTestNG.run(AbstractRemoteTestNG.java:114)at org.testng.remote.RemoteTestNG.initAndRun(RemoteTestNG.java:251)at org.testng.remote.RemoteTestNG.main(RemoteTestNG.java:77)]]>
            </full-stacktrace>
          </exception> <!-- java.lang.IndexOutOfBoundsException -->
          <reporter-output>
          </reporter-output>
        </test-method> <!-- selectFileType -->
      </class> <!-- com.testcase.FileUploadTest -->
    </test> <!-- File Upload Testcase -->
  </suite> <!-- Automation Test Suite -->
</testng-results>
