<?xml version="1.0" encoding="UTF-8"?>
<testng-results skipped="0" failed="0" ignored="0" total="23" passed="23">
  <reporter-output>
  </reporter-output>
  <suite name="Automation Test Suite" duration-ms="102095" started-at="2018-01-03T05:27:42Z" finished-at="2018-01-03T05:29:25Z">
    <groups>
      <group name="Negative">
        <method signature="LoginPageTest.checkCaseSensitive()[pri:5, instance:com.testcase.LoginPageTest@685cb137]" name="checkCaseSensitive" class="com.testcase.LoginPageTest"/>
        <method signature="LoginPageTest.checkUnicodeTransformationFormat()[pri:6, instance:com.testcase.LoginPageTest@685cb137]" name="checkUnicodeTransformationFormat" class="com.testcase.LoginPageTest"/>
        <method signature="LoginPageTest.invalidEmail()[pri:2, instance:com.testcase.LoginPageTest@685cb137]" name="invalidEmail" class="com.testcase.LoginPageTest"/>
        <method signature="LoginPageTest.invalidPassword()[pri:3, instance:com.testcase.LoginPageTest@685cb137]" name="invalidPassword" class="com.testcase.LoginPageTest"/>
        <method signature="LoginPageTest.invalidPwdEmail()[pri:4, instance:com.testcase.LoginPageTest@685cb137]" name="invalidPwdEmail" class="com.testcase.LoginPageTest"/>
        <method signature="CreateProjectTest.onlyEnterProjectName()[pri:2, instance:com.testcase.CreateProjectTest@3fee9989]" name="onlyEnterProjectName" class="com.testcase.CreateProjectTest"/>
        <method signature="CreateProjectTest.onlySelectTargetLanguage()[pri:3, instance:com.testcase.CreateProjectTest@3fee9989]" name="onlySelectTargetLanguage" class="com.testcase.CreateProjectTest"/>
        <method signature="CreateProjectTest.withOutSelectAllOptions()[pri:1, instance:com.testcase.CreateProjectTest@3fee9989]" name="withOutSelectAllOptions" class="com.testcase.CreateProjectTest"/>
      </group> <!-- Negative -->
    </groups>
    <test name="Login Testcase" duration-ms="47425" started-at="2018-01-03T05:27:42Z" finished-at="2018-01-03T05:28:30Z">
      <class name="com.testcase.LoginPageTest">
        <test-method status="PASS" signature="openBrowser()[pri:1, instance:com.testcase.LoginPageTest@685cb137]" name="openBrowser" duration-ms="6682" started-at="2018-01-03T10:57:43Z" finished-at="2018-01-03T10:57:49Z">
          <reporter-output>
          </reporter-output>
        </test-method> <!-- openBrowser -->
        <test-method status="PASS" signature="invalidEmail()[pri:2, instance:com.testcase.LoginPageTest@685cb137]" name="invalidEmail" duration-ms="5523" started-at="2018-01-03T10:57:49Z" finished-at="2018-01-03T10:57:55Z">
          <reporter-output>
          </reporter-output>
        </test-method> <!-- invalidEmail -->
        <test-method status="PASS" signature="invalidPassword()[pri:3, instance:com.testcase.LoginPageTest@685cb137]" name="invalidPassword" duration-ms="5314" started-at="2018-01-03T10:57:55Z" finished-at="2018-01-03T10:58:00Z">
          <reporter-output>
          </reporter-output>
        </test-method> <!-- invalidPassword -->
        <test-method status="PASS" signature="invalidPwdEmail()[pri:4, instance:com.testcase.LoginPageTest@685cb137]" name="invalidPwdEmail" duration-ms="5166" started-at="2018-01-03T10:58:00Z" finished-at="2018-01-03T10:58:05Z">
          <reporter-output>
          </reporter-output>
        </test-method> <!-- invalidPwdEmail -->
        <test-method status="PASS" signature="checkCaseSensitive()[pri:5, instance:com.testcase.LoginPageTest@685cb137]" name="checkCaseSensitive" duration-ms="10429" started-at="2018-01-03T10:58:05Z" finished-at="2018-01-03T10:58:16Z">
          <reporter-output>
          </reporter-output>
        </test-method> <!-- checkCaseSensitive -->
        <test-method status="PASS" signature="checkUnicodeTransformationFormat()[pri:6, instance:com.testcase.LoginPageTest@685cb137]" name="checkUnicodeTransformationFormat" duration-ms="5174" started-at="2018-01-03T10:58:16Z" finished-at="2018-01-03T10:58:21Z">
          <reporter-output>
          </reporter-output>
        </test-method> <!-- checkUnicodeTransformationFormat -->
        <test-method status="PASS" signature="doLogin()[pri:7, instance:com.testcase.LoginPageTest@685cb137]" name="doLogin" duration-ms="9085" started-at="2018-01-03T10:58:21Z" finished-at="2018-01-03T10:58:30Z">
          <reporter-output>
          </reporter-output>
        </test-method> <!-- doLogin -->
      </class> <!-- com.testcase.LoginPageTest -->
    </test> <!-- Login Testcase -->
    <test name="Create Project Testcase" duration-ms="21104" started-at="2018-01-03T05:28:30Z" finished-at="2018-01-03T05:28:51Z">
      <class name="com.testcase.CreateProjectTest">
        <test-method status="PASS" signature="startProject()[pri:0, instance:com.testcase.CreateProjectTest@3fee9989]" name="startProject" duration-ms="1859" started-at="2018-01-03T10:58:30Z" finished-at="2018-01-03T10:58:32Z">
          <reporter-output>
          </reporter-output>
        </test-method> <!-- startProject -->
        <test-method status="PASS" signature="withOutSelectAllOptions()[pri:1, instance:com.testcase.CreateProjectTest@3fee9989]" name="withOutSelectAllOptions" duration-ms="2173" started-at="2018-01-03T10:58:32Z" finished-at="2018-01-03T10:58:34Z">
          <reporter-output>
          </reporter-output>
        </test-method> <!-- withOutSelectAllOptions -->
        <test-method status="PASS" signature="onlyEnterProjectName()[pri:2, instance:com.testcase.CreateProjectTest@3fee9989]" name="onlyEnterProjectName" duration-ms="4094" started-at="2018-01-03T10:58:34Z" finished-at="2018-01-03T10:58:38Z">
          <reporter-output>
          </reporter-output>
        </test-method> <!-- onlyEnterProjectName -->
        <test-method status="PASS" signature="onlySelectTargetLanguage()[pri:3, instance:com.testcase.CreateProjectTest@3fee9989]" name="onlySelectTargetLanguage" duration-ms="3647" started-at="2018-01-03T10:58:38Z" finished-at="2018-01-03T10:58:42Z">
          <reporter-output>
          </reporter-output>
        </test-method> <!-- onlySelectTargetLanguage -->
        <test-method status="PASS" signature="typeProjectName()[pri:4, instance:com.testcase.CreateProjectTest@3fee9989]" name="typeProjectName" duration-ms="92" started-at="2018-01-03T10:58:42Z" finished-at="2018-01-03T10:58:42Z">
          <reporter-output>
          </reporter-output>
        </test-method> <!-- typeProjectName -->
        <test-method status="PASS" signature="projectType()[pri:5, instance:com.testcase.CreateProjectTest@3fee9989]" name="projectType" duration-ms="1196" started-at="2018-01-03T10:58:42Z" finished-at="2018-01-03T10:58:43Z">
          <reporter-output>
          </reporter-output>
        </test-method> <!-- projectType -->
        <test-method status="PASS" signature="industryType()[pri:6, instance:com.testcase.CreateProjectTest@3fee9989]" name="industryType" duration-ms="1265" started-at="2018-01-03T10:58:43Z" finished-at="2018-01-03T10:58:44Z">
          <reporter-output>
          </reporter-output>
        </test-method> <!-- industryType -->
        <test-method status="PASS" signature="targetLanguage()[pri:7, instance:com.testcase.CreateProjectTest@3fee9989]" name="targetLanguage" duration-ms="1324" started-at="2018-01-03T10:58:44Z" finished-at="2018-01-03T10:58:46Z">
          <reporter-output>
          </reporter-output>
        </test-method> <!-- targetLanguage -->
        <test-method status="PASS" signature="doClickOnLetsStartButton()[pri:8, instance:com.testcase.CreateProjectTest@3fee9989]" name="doClickOnLetsStartButton" duration-ms="5429" started-at="2018-01-03T10:58:46Z" finished-at="2018-01-03T10:58:51Z">
          <reporter-output>
          </reporter-output>
        </test-method> <!-- doClickOnLetsStartButton -->
      </class> <!-- com.testcase.CreateProjectTest -->
    </test> <!-- Create Project Testcase -->
    <test name="File Upload Testcase" duration-ms="16649" started-at="2018-01-03T05:28:51Z" finished-at="2018-01-03T05:29:08Z">
      <class name="com.testcase.FileUploadTest">
        <test-method status="PASS" signature="clickOnAddNewFile()[pri:1, instance:com.testcase.FileUploadTest@5f2108b5]" name="clickOnAddNewFile" duration-ms="4180" started-at="2018-01-03T10:58:51Z" finished-at="2018-01-03T10:58:55Z">
          <reporter-output>
          </reporter-output>
        </test-method> <!-- clickOnAddNewFile -->
        <test-method status="PASS" signature="enterFileLocation()[pri:2, instance:com.testcase.FileUploadTest@5f2108b5]" name="enterFileLocation" duration-ms="5604" started-at="2018-01-03T10:58:55Z" depends-on-methods="com.testcase.FileUploadTest.clickOnAddNewFile" finished-at="2018-01-03T10:59:01Z">
          <reporter-output>
          </reporter-output>
        </test-method> <!-- enterFileLocation -->
        <test-method status="PASS" signature="selectFileType()[pri:3, instance:com.testcase.FileUploadTest@5f2108b5]" name="selectFileType" duration-ms="6859" started-at="2018-01-03T10:59:01Z" depends-on-methods="com.testcase.FileUploadTest.enterFileLocation" finished-at="2018-01-03T10:59:08Z">
          <reporter-output>
          </reporter-output>
        </test-method> <!-- selectFileType -->
      </class> <!-- com.testcase.FileUploadTest -->
    </test> <!-- File Upload Testcase -->
    <test name="Make An Order Testcase" duration-ms="16893" started-at="2018-01-03T05:29:08Z" finished-at="2018-01-03T05:29:25Z">
      <class name="com.testcase.MakeOrderTest">
        <test-method status="PASS" signature="clickOnMakeOrder()[pri:1, instance:com.testcase.MakeOrderTest@5cb9f472]" name="clickOnMakeOrder" duration-ms="4149" started-at="2018-01-03T10:59:08Z" finished-at="2018-01-03T10:59:12Z">
          <reporter-output>
          </reporter-output>
        </test-method> <!-- clickOnMakeOrder -->
        <test-method status="PASS" signature="clickOnTagetLanguage()[pri:2, instance:com.testcase.MakeOrderTest@5cb9f472]" name="clickOnTagetLanguage" duration-ms="4207" started-at="2018-01-03T10:59:12Z" finished-at="2018-01-03T10:59:16Z">
          <reporter-output>
          </reporter-output>
        </test-method> <!-- clickOnTagetLanguage -->
        <test-method status="PASS" signature="clickOnSubmit()[pri:3, instance:com.testcase.MakeOrderTest@5cb9f472]" name="clickOnSubmit" duration-ms="6619" started-at="2018-01-03T10:59:16Z" finished-at="2018-01-03T10:59:23Z">
          <reporter-output>
          </reporter-output>
        </test-method> <!-- clickOnSubmit -->
        <test-method status="PASS" signature="clickOnPlaceOrderNow()[pri:4, instance:com.testcase.MakeOrderTest@5cb9f472]" name="clickOnPlaceOrderNow" duration-ms="1910" started-at="2018-01-03T10:59:23Z" finished-at="2018-01-03T10:59:25Z">
          <reporter-output>
          </reporter-output>
        </test-method> <!-- clickOnPlaceOrderNow -->
      </class> <!-- com.testcase.MakeOrderTest -->
    </test> <!-- Make An Order Testcase -->
  </suite> <!-- Automation Test Suite -->
</testng-results>
