<?xml version="1.0" encoding="UTF-8"?>
<testng-results skipped="0" failed="0" ignored="0" total="2" passed="2">
  <reporter-output>
  </reporter-output>
  <suite name="Default suite" duration-ms="9392" started-at="2017-12-14T07:51:27Z" finished-at="2017-12-14T07:51:36Z">
    <groups>
    </groups>
    <test name="Default test" duration-ms="9392" started-at="2017-12-14T07:51:27Z" finished-at="2017-12-14T07:51:36Z">
      <class name="com.testcase.LoginPageTest">
        <test-method status="PASS" signature="openBrowser()[pri:1, instance:com.testcase.LoginPageTest@ae45eb6]" name="openBrowser" duration-ms="6848" started-at="2017-12-14T13:21:27Z" finished-at="2017-12-14T13:21:34Z">
          <reporter-output>
          </reporter-output>
        </test-method> <!-- openBrowser -->
        <test-method status="PASS" signature="doLogin()[pri:2, instance:com.testcase.LoginPageTest@ae45eb6]" name="doLogin" duration-ms="2487" started-at="2017-12-14T13:21:34Z" finished-at="2017-12-14T13:21:36Z">
          <reporter-output>
          </reporter-output>
        </test-method> <!-- doLogin -->
      </class> <!-- com.testcase.LoginPageTest -->
    </test> <!-- Default test -->
  </suite> <!-- Default suite -->
</testng-results>
