<?xml version="1.0" encoding="UTF-8"?>
<testng-results skipped="0" failed="1" ignored="0" total="23" passed="22">
  <reporter-output>
  </reporter-output>
  <suite name="Automation Test Suite" duration-ms="130157" started-at="2018-01-03T06:28:15Z" finished-at="2018-01-03T06:30:25Z">
    <groups>
      <group name="Negative">
        <method signature="LoginPageTest.checkCaseSensitive()[pri:5, instance:com.testcase.LoginPageTest@685cb137]" name="checkCaseSensitive" class="com.testcase.LoginPageTest"/>
        <method signature="LoginPageTest.checkUnicodeTransformationFormat()[pri:6, instance:com.testcase.LoginPageTest@685cb137]" name="checkUnicodeTransformationFormat" class="com.testcase.LoginPageTest"/>
        <method signature="LoginPageTest.invalidEmail()[pri:2, instance:com.testcase.LoginPageTest@685cb137]" name="invalidEmail" class="com.testcase.LoginPageTest"/>
        <method signature="LoginPageTest.invalidPassword()[pri:3, instance:com.testcase.LoginPageTest@685cb137]" name="invalidPassword" class="com.testcase.LoginPageTest"/>
        <method signature="LoginPageTest.invalidPwdEmail()[pri:4, instance:com.testcase.LoginPageTest@685cb137]" name="invalidPwdEmail" class="com.testcase.LoginPageTest"/>
        <method signature="CreateProjectTest.onlyEnterProjectName()[pri:2, instance:com.testcase.CreateProjectTest@3fee9989]" name="onlyEnterProjectName" class="com.testcase.CreateProjectTest"/>
        <method signature="CreateProjectTest.onlySelectTargetLanguage()[pri:3, instance:com.testcase.CreateProjectTest@3fee9989]" name="onlySelectTargetLanguage" class="com.testcase.CreateProjectTest"/>
        <method signature="CreateProjectTest.withOutSelectAllOptions()[pri:1, instance:com.testcase.CreateProjectTest@3fee9989]" name="withOutSelectAllOptions" class="com.testcase.CreateProjectTest"/>
      </group> <!-- Negative -->
    </groups>
    <test name="Login Testcase" duration-ms="58015" started-at="2018-01-03T06:28:15Z" finished-at="2018-01-03T06:29:13Z">
      <class name="com.testcase.LoginPageTest">
        <test-method status="PASS" signature="openBrowser()[pri:1, instance:com.testcase.LoginPageTest@685cb137]" name="openBrowser" duration-ms="13832" started-at="2018-01-03T11:58:15Z" finished-at="2018-01-03T11:58:29Z">
          <reporter-output>
          </reporter-output>
        </test-method> <!-- openBrowser -->
        <test-method status="PASS" signature="invalidEmail()[pri:2, instance:com.testcase.LoginPageTest@685cb137]" name="invalidEmail" duration-ms="5511" started-at="2018-01-03T11:58:29Z" finished-at="2018-01-03T11:58:35Z">
          <reporter-output>
          </reporter-output>
        </test-method> <!-- invalidEmail -->
        <test-method status="PASS" signature="invalidPassword()[pri:3, instance:com.testcase.LoginPageTest@685cb137]" name="invalidPassword" duration-ms="5378" started-at="2018-01-03T11:58:35Z" finished-at="2018-01-03T11:58:40Z">
          <reporter-output>
          </reporter-output>
        </test-method> <!-- invalidPassword -->
        <test-method status="PASS" signature="invalidPwdEmail()[pri:4, instance:com.testcase.LoginPageTest@685cb137]" name="invalidPwdEmail" duration-ms="5265" started-at="2018-01-03T11:58:40Z" finished-at="2018-01-03T11:58:45Z">
          <reporter-output>
          </reporter-output>
        </test-method> <!-- invalidPwdEmail -->
        <test-method status="PASS" signature="checkCaseSensitive()[pri:5, instance:com.testcase.LoginPageTest@685cb137]" name="checkCaseSensitive" duration-ms="10462" started-at="2018-01-03T11:58:45Z" finished-at="2018-01-03T11:58:56Z">
          <reporter-output>
          </reporter-output>
        </test-method> <!-- checkCaseSensitive -->
        <test-method status="PASS" signature="checkUnicodeTransformationFormat()[pri:6, instance:com.testcase.LoginPageTest@685cb137]" name="checkUnicodeTransformationFormat" duration-ms="5280" started-at="2018-01-03T11:58:56Z" finished-at="2018-01-03T11:59:01Z">
          <reporter-output>
          </reporter-output>
        </test-method> <!-- checkUnicodeTransformationFormat -->
        <test-method status="PASS" signature="doLogin()[pri:7, instance:com.testcase.LoginPageTest@685cb137]" name="doLogin" duration-ms="12238" started-at="2018-01-03T11:59:01Z" finished-at="2018-01-03T11:59:13Z">
          <reporter-output>
          </reporter-output>
        </test-method> <!-- doLogin -->
      </class> <!-- com.testcase.LoginPageTest -->
    </test> <!-- Login Testcase -->
    <test name="Create Project Testcase" duration-ms="20313" started-at="2018-01-03T06:29:13Z" finished-at="2018-01-03T06:29:34Z">
      <class name="com.testcase.CreateProjectTest">
        <test-method status="PASS" signature="startProject()[pri:0, instance:com.testcase.CreateProjectTest@3fee9989]" name="startProject" duration-ms="1418" started-at="2018-01-03T11:59:13Z" finished-at="2018-01-03T11:59:15Z">
          <reporter-output>
          </reporter-output>
        </test-method> <!-- startProject -->
        <test-method status="PASS" signature="withOutSelectAllOptions()[pri:1, instance:com.testcase.CreateProjectTest@3fee9989]" name="withOutSelectAllOptions" duration-ms="2252" started-at="2018-01-03T11:59:15Z" finished-at="2018-01-03T11:59:17Z">
          <reporter-output>
          </reporter-output>
        </test-method> <!-- withOutSelectAllOptions -->
        <test-method status="PASS" signature="onlyEnterProjectName()[pri:2, instance:com.testcase.CreateProjectTest@3fee9989]" name="onlyEnterProjectName" duration-ms="4147" started-at="2018-01-03T11:59:17Z" finished-at="2018-01-03T11:59:21Z">
          <reporter-output>
          </reporter-output>
        </test-method> <!-- onlyEnterProjectName -->
        <test-method status="PASS" signature="onlySelectTargetLanguage()[pri:3, instance:com.testcase.CreateProjectTest@3fee9989]" name="onlySelectTargetLanguage" duration-ms="3665" started-at="2018-01-03T11:59:21Z" finished-at="2018-01-03T11:59:25Z">
          <reporter-output>
          </reporter-output>
        </test-method> <!-- onlySelectTargetLanguage -->
        <test-method status="PASS" signature="typeProjectName()[pri:4, instance:com.testcase.CreateProjectTest@3fee9989]" name="typeProjectName" duration-ms="87" started-at="2018-01-03T11:59:25Z" finished-at="2018-01-03T11:59:25Z">
          <reporter-output>
          </reporter-output>
        </test-method> <!-- typeProjectName -->
        <test-method status="PASS" signature="projectType()[pri:5, instance:com.testcase.CreateProjectTest@3fee9989]" name="projectType" duration-ms="1224" started-at="2018-01-03T11:59:25Z" finished-at="2018-01-03T11:59:26Z">
          <reporter-output>
          </reporter-output>
        </test-method> <!-- projectType -->
        <test-method status="PASS" signature="industryType()[pri:6, instance:com.testcase.CreateProjectTest@3fee9989]" name="industryType" duration-ms="1214" started-at="2018-01-03T11:59:26Z" finished-at="2018-01-03T11:59:27Z">
          <reporter-output>
          </reporter-output>
        </test-method> <!-- industryType -->
        <test-method status="PASS" signature="targetLanguage()[pri:7, instance:com.testcase.CreateProjectTest@3fee9989]" name="targetLanguage" duration-ms="1265" started-at="2018-01-03T11:59:27Z" finished-at="2018-01-03T11:59:29Z">
          <reporter-output>
          </reporter-output>
        </test-method> <!-- targetLanguage -->
        <test-method status="PASS" signature="doClickOnLetsStartButton()[pri:8, instance:com.testcase.CreateProjectTest@3fee9989]" name="doClickOnLetsStartButton" duration-ms="5025" started-at="2018-01-03T11:59:29Z" finished-at="2018-01-03T11:59:34Z">
          <reporter-output>
          </reporter-output>
        </test-method> <!-- doClickOnLetsStartButton -->
      </class> <!-- com.testcase.CreateProjectTest -->
    </test> <!-- Create Project Testcase -->
    <test name="File Upload Testcase" duration-ms="15906" started-at="2018-01-03T06:29:34Z" finished-at="2018-01-03T06:29:49Z">
      <class name="com.testcase.FileUploadTest">
        <test-method status="PASS" signature="clickOnAddNewFile()[pri:1, instance:com.testcase.FileUploadTest@5f2108b5]" name="clickOnAddNewFile" duration-ms="4198" started-at="2018-01-03T11:59:34Z" finished-at="2018-01-03T11:59:38Z">
          <reporter-output>
          </reporter-output>
        </test-method> <!-- clickOnAddNewFile -->
        <test-method status="PASS" signature="enterFileLocation()[pri:2, instance:com.testcase.FileUploadTest@5f2108b5]" name="enterFileLocation" duration-ms="5401" started-at="2018-01-03T11:59:38Z" depends-on-methods="com.testcase.FileUploadTest.clickOnAddNewFile" finished-at="2018-01-03T11:59:43Z">
          <reporter-output>
          </reporter-output>
        </test-method> <!-- enterFileLocation -->
        <test-method status="PASS" signature="selectFileType()[pri:3, instance:com.testcase.FileUploadTest@5f2108b5]" name="selectFileType" duration-ms="6302" started-at="2018-01-03T11:59:43Z" depends-on-methods="com.testcase.FileUploadTest.enterFileLocation" finished-at="2018-01-03T11:59:49Z">
          <reporter-output>
          </reporter-output>
        </test-method> <!-- selectFileType -->
      </class> <!-- com.testcase.FileUploadTest -->
    </test> <!-- File Upload Testcase -->
    <test name="Make An Order Testcase" duration-ms="35901" started-at="2018-01-03T06:29:49Z" finished-at="2018-01-03T06:30:25Z">
      <class name="com.testcase.MakeOrderTest">
        <test-method status="PASS" signature="clickOnMakeOrder()[pri:1, instance:com.testcase.MakeOrderTest@5cb9f472]" name="clickOnMakeOrder" duration-ms="4955" started-at="2018-01-03T11:59:49Z" finished-at="2018-01-03T11:59:54Z">
          <reporter-output>
          </reporter-output>
        </test-method> <!-- clickOnMakeOrder -->
        <test-method status="PASS" signature="clickOnTagetLanguage()[pri:2, instance:com.testcase.MakeOrderTest@5cb9f472]" name="clickOnTagetLanguage" duration-ms="4253" started-at="2018-01-03T11:59:54Z" finished-at="2018-01-03T11:59:59Z">
          <reporter-output>
          </reporter-output>
        </test-method> <!-- clickOnTagetLanguage -->
        <test-method status="FAIL" signature="clickOnSubmit()[pri:3, instance:com.testcase.MakeOrderTest@5cb9f472]" name="clickOnSubmit" duration-ms="25109" started-at="2018-01-03T11:59:59Z" finished-at="2018-01-03T12:00:24Z">
          <exception class="org.openqa.selenium.NoSuchElementException">
            <message>
              <![CDATA[no such element: Unable to locate element: {"method":"xpath","selector":"//*[@id='main-wrapper']/div[2]/div/div[2]/div/div[5]/div/a[1]"}  (Session info: chrome=63.0.3239.84)  (Driver info: chromedriver=2.34.522913 (36222509aa6e819815938cbf2709b4849735537c),platform=Linux 4.4.0-104-generic x86_64) (WARNING: The server did not provide any stacktrace information)Command duration or timeout: 0 millisecondsFor documentation on this error, please visit: http://seleniumhq.org/exceptions/no_such_element.htmlBuild info: version: '3.8.1', revision: '6e95a6684b', time: '2017-12-01T18:33:54.468Z'System info: host: 'fourtek-desktop', ip: '127.0.1.1', os.name: 'Linux', os.arch: 'amd64', os.version: '4.4.0-104-generic', java.version: '1.8.0_151'Driver info: org.openqa.selenium.chrome.ChromeDriverCapabilities {acceptSslCerts: true, applicationCacheEnabled: false, browserConnectionEnabled: false, browserName: chrome, chrome: {chromedriverVersion: 2.34.522913 (36222509aa6e81..., userDataDir: /tmp/.org.chromium.Chromium...}, cssSelectorsEnabled: true, databaseEnabled: false, handlesAlerts: true, hasTouchScreen: false, javascriptEnabled: true, locationContextEnabled: true, mobileEmulationEnabled: false, nativeEvents: true, networkConnectionEnabled: false, pageLoadStrategy: normal, platform: LINUX, platformName: LINUX, rotatable: false, setWindowRect: true, takesHeapSnapshot: true, takesScreenshot: true, unexpectedAlertBehaviour: , unhandledPromptBehavior: , version: 63.0.3239.84, webStorageEnabled: true}Session ID: 2307c3ec7db677574e31e6773b114352*** Element info: {Using=xpath, value=//*[@id='main-wrapper']/div[2]/div/div[2]/div/div[5]/div/a[1]}]]>
            </message>
            <full-stacktrace>
              <![CDATA[org.openqa.selenium.NoSuchElementException: no such element: Unable to locate element: {"method":"xpath","selector":"//*[@id='main-wrapper']/div[2]/div/div[2]/div/div[5]/div/a[1]"}  (Session info: chrome=63.0.3239.84)  (Driver info: chromedriver=2.34.522913 (36222509aa6e819815938cbf2709b4849735537c),platform=Linux 4.4.0-104-generic x86_64) (WARNING: The server did not provide any stacktrace information)Command duration or timeout: 0 millisecondsFor documentation on this error, please visit: http://seleniumhq.org/exceptions/no_such_element.htmlBuild info: version: '3.8.1', revision: '6e95a6684b', time: '2017-12-01T18:33:54.468Z'System info: host: 'fourtek-desktop', ip: '127.0.1.1', os.name: 'Linux', os.arch: 'amd64', os.version: '4.4.0-104-generic', java.version: '1.8.0_151'Driver info: org.openqa.selenium.chrome.ChromeDriverCapabilities {acceptSslCerts: true, applicationCacheEnabled: false, browserConnectionEnabled: false, browserName: chrome, chrome: {chromedriverVersion: 2.34.522913 (36222509aa6e81..., userDataDir: /tmp/.org.chromium.Chromium...}, cssSelectorsEnabled: true, databaseEnabled: false, handlesAlerts: true, hasTouchScreen: false, javascriptEnabled: true, locationContextEnabled: true, mobileEmulationEnabled: false, nativeEvents: true, networkConnectionEnabled: false, pageLoadStrategy: normal, platform: LINUX, platformName: LINUX, rotatable: false, setWindowRect: true, takesHeapSnapshot: true, takesScreenshot: true, unexpectedAlertBehaviour: , unhandledPromptBehavior: , version: 63.0.3239.84, webStorageEnabled: true}Session ID: 2307c3ec7db677574e31e6773b114352*** Element info: {Using=xpath, value=//*[@id='main-wrapper']/div[2]/div/div[2]/div/div[5]/div/a[1]}at sun.reflect.NativeConstructorAccessorImpl.newInstance0(Native Method)at sun.reflect.NativeConstructorAccessorImpl.newInstance(NativeConstructorAccessorImpl.java:62)at sun.reflect.DelegatingConstructorAccessorImpl.newInstance(DelegatingConstructorAccessorImpl.java:45)at java.lang.reflect.Constructor.newInstance(Constructor.java:423)at org.openqa.selenium.remote.ErrorHandler.createThrowable(ErrorHandler.java:214)at org.openqa.selenium.remote.ErrorHandler.throwIfResponseFailed(ErrorHandler.java:166)at org.openqa.selenium.remote.http.JsonHttpResponseCodec.reconstructValue(JsonHttpResponseCodec.java:40)at org.openqa.selenium.remote.http.AbstractHttpResponseCodec.decode(AbstractHttpResponseCodec.java:80)at org.openqa.selenium.remote.http.AbstractHttpResponseCodec.decode(AbstractHttpResponseCodec.java:44)at org.openqa.selenium.remote.HttpCommandExecutor.execute(HttpCommandExecutor.java:164)at org.openqa.selenium.remote.service.DriverCommandExecutor.execute(DriverCommandExecutor.java:83)at org.openqa.selenium.remote.RemoteWebDriver.execute(RemoteWebDriver.java:601)at org.openqa.selenium.remote.RemoteWebDriver.findElement(RemoteWebDriver.java:371)at org.openqa.selenium.remote.RemoteWebDriver.findElementByXPath(RemoteWebDriver.java:473)at org.openqa.selenium.By$ByXPath.findElement(By.java:361)at org.openqa.selenium.remote.RemoteWebDriver.findElement(RemoteWebDriver.java:363)at org.openqa.selenium.support.pagefactory.DefaultElementLocator.findElement(DefaultElementLocator.java:69)at org.openqa.selenium.support.pagefactory.internal.LocatingElementHandler.invoke(LocatingElementHandler.java:38)at com.sun.proxy.$Proxy7.getText(Unknown Source)at com.pages.product.MakeOrder.Validate(MakeOrder.java:147)at com.testcase.MakeOrderTest.clickOnSubmit(MakeOrderTest.java:30)at sun.reflect.NativeMethodAccessorImpl.invoke0(Native Method)at sun.reflect.NativeMethodAccessorImpl.invoke(NativeMethodAccessorImpl.java:62)at sun.reflect.DelegatingMethodAccessorImpl.invoke(DelegatingMethodAccessorImpl.java:43)at java.lang.reflect.Method.invoke(Method.java:498)at org.testng.internal.MethodInvocationHelper.invokeMethod(MethodInvocationHelper.java:124)at org.testng.internal.Invoker.invokeMethod(Invoker.java:571)at org.testng.internal.Invoker.invokeTestMethod(Invoker.java:707)at org.testng.internal.Invoker.invokeTestMethods(Invoker.java:979)at org.testng.internal.TestMethodWorker.invokeTestMethods(TestMethodWorker.java:125)at org.testng.internal.TestMethodWorker.run(TestMethodWorker.java:109)at org.testng.TestRunner.privateRun(TestRunner.java:648)at org.testng.TestRunner.run(TestRunner.java:505)at org.testng.SuiteRunner.runTest(SuiteRunner.java:455)at org.testng.SuiteRunner.runSequentially(SuiteRunner.java:450)at org.testng.SuiteRunner.privateRun(SuiteRunner.java:415)at org.testng.SuiteRunner.run(SuiteRunner.java:364)at org.testng.SuiteRunnerWorker.runSuite(SuiteRunnerWorker.java:52)at org.testng.SuiteRunnerWorker.run(SuiteRunnerWorker.java:84)at org.testng.TestNG.runSuitesSequentially(TestNG.java:1187)at org.testng.TestNG.runSuitesLocally(TestNG.java:1116)at org.testng.TestNG.runSuites(TestNG.java:1028)at org.testng.TestNG.run(TestNG.java:996)at org.testng.remote.AbstractRemoteTestNG.run(AbstractRemoteTestNG.java:114)at org.testng.remote.RemoteTestNG.initAndRun(RemoteTestNG.java:251)at org.testng.remote.RemoteTestNG.main(RemoteTestNG.java:77)]]>
            </full-stacktrace>
          </exception> <!-- org.openqa.selenium.NoSuchElementException -->
          <reporter-output>
          </reporter-output>
        </test-method> <!-- clickOnSubmit -->
        <test-method status="PASS" signature="clickOnPlaceOrderNow()[pri:4, instance:com.testcase.MakeOrderTest@5cb9f472]" name="clickOnPlaceOrderNow" duration-ms="1516" started-at="2018-01-03T12:00:24Z" finished-at="2018-01-03T12:00:25Z">
          <reporter-output>
          </reporter-output>
        </test-method> <!-- clickOnPlaceOrderNow -->
      </class> <!-- com.testcase.MakeOrderTest -->
    </test> <!-- Make An Order Testcase -->
  </suite> <!-- Automation Test Suite -->
</testng-results>
