<?xml version="1.0" encoding="UTF-8"?>
<testng-results skipped="0" failed="0" ignored="0" total="11" passed="11">
  <reporter-output>
  </reporter-output>
  <suite name="Automation Test Suite" duration-ms="75309" started-at="2017-12-20T04:54:24Z" finished-at="2017-12-20T04:55:39Z">
    <groups>
    </groups>
    <test name="Login Testcase" duration-ms="44292" started-at="2017-12-20T04:54:24Z" finished-at="2017-12-20T04:55:08Z">
      <class name="com.testcase.LoginPageTest">
        <test-method status="PASS" signature="openBrowser()[pri:1, instance:com.testcase.LoginPageTest@68c4039c]" name="openBrowser" duration-ms="33064" started-at="2017-12-20T10:24:24Z" finished-at="2017-12-20T10:24:57Z">
          <reporter-output>
          </reporter-output>
        </test-method> <!-- openBrowser -->
        <test-method status="PASS" signature="doLogin()[pri:2, instance:com.testcase.LoginPageTest@68c4039c]" name="doLogin" duration-ms="11168" started-at="2017-12-20T10:24:57Z" finished-at="2017-12-20T10:25:08Z">
          <reporter-output>
          </reporter-output>
        </test-method> <!-- doLogin -->
      </class> <!-- com.testcase.LoginPageTest -->
    </test> <!-- Login Testcase -->
    <test name="Create Project Testcase" duration-ms="14443" started-at="2017-12-20T04:55:08Z" finished-at="2017-12-20T04:55:23Z">
      <class name="com.testcase.CreateProjectTest">
        <test-method status="PASS" signature="startproject()[pri:0, instance:com.testcase.CreateProjectTest@239963d8]" name="startproject" duration-ms="1740" started-at="2017-12-20T10:25:08Z" finished-at="2017-12-20T10:25:10Z">
          <reporter-output>
          </reporter-output>
        </test-method> <!-- startproject -->
        <test-method status="PASS" signature="typeProjectName()[pri:1, instance:com.testcase.CreateProjectTest@239963d8]" name="typeProjectName" duration-ms="214" started-at="2017-12-20T10:25:10Z" finished-at="2017-12-20T10:25:10Z">
          <reporter-output>
          </reporter-output>
        </test-method> <!-- typeProjectName -->
        <test-method status="PASS" signature="projectType()[pri:2, instance:com.testcase.CreateProjectTest@239963d8]" name="projectType" duration-ms="1194" started-at="2017-12-20T10:25:10Z" finished-at="2017-12-20T10:25:11Z">
          <reporter-output>
          </reporter-output>
        </test-method> <!-- projectType -->
        <test-method status="PASS" signature="industryType()[pri:3, instance:com.testcase.CreateProjectTest@239963d8]" name="industryType" duration-ms="1227" started-at="2017-12-20T10:25:11Z" finished-at="2017-12-20T10:25:13Z">
          <reporter-output>
          </reporter-output>
        </test-method> <!-- industryType -->
        <test-method status="PASS" signature="targetLanguage()[pri:4, instance:com.testcase.CreateProjectTest@239963d8]" name="targetLanguage" duration-ms="1196" started-at="2017-12-20T10:25:13Z" finished-at="2017-12-20T10:25:14Z">
          <reporter-output>
          </reporter-output>
        </test-method> <!-- targetLanguage -->
        <test-method status="PASS" signature="doClickOnLetsStartButton()[pri:5, instance:com.testcase.CreateProjectTest@239963d8]" name="doClickOnLetsStartButton" duration-ms="8862" started-at="2017-12-20T10:25:14Z" finished-at="2017-12-20T10:25:23Z">
          <reporter-output>
          </reporter-output>
        </test-method> <!-- doClickOnLetsStartButton -->
      </class> <!-- com.testcase.CreateProjectTest -->
    </test> <!-- Create Project Testcase -->
    <test name="File Upload Testcase" duration-ms="16533" started-at="2017-12-20T04:55:23Z" finished-at="2017-12-20T04:55:39Z">
      <class name="com.testcase.FileUploadTest">
        <test-method status="PASS" signature="clickOnAddNewFile()[pri:1, instance:com.testcase.FileUploadTest@553f17c]" name="clickOnAddNewFile" duration-ms="1141" started-at="2017-12-20T10:25:23Z" finished-at="2017-12-20T10:25:24Z">
          <reporter-output>
          </reporter-output>
        </test-method> <!-- clickOnAddNewFile -->
        <test-method status="PASS" signature="enterFileLocation()[pri:2, instance:com.testcase.FileUploadTest@553f17c]" name="enterFileLocation" duration-ms="5504" started-at="2017-12-20T10:25:24Z" depends-on-methods="com.testcase.FileUploadTest.clickOnAddNewFile" finished-at="2017-12-20T10:25:29Z">
          <reporter-output>
          </reporter-output>
        </test-method> <!-- enterFileLocation -->
        <test-method status="PASS" signature="selectFileType()[pri:3, instance:com.testcase.FileUploadTest@553f17c]" name="selectFileType" duration-ms="9880" started-at="2017-12-20T10:25:29Z" depends-on-methods="com.testcase.FileUploadTest.enterFileLocation" finished-at="2017-12-20T10:25:39Z">
          <reporter-output>
          </reporter-output>
        </test-method> <!-- selectFileType -->
      </class> <!-- com.testcase.FileUploadTest -->
    </test> <!-- File Upload Testcase -->
  </suite> <!-- Automation Test Suite -->
</testng-results>
