<?xml version="1.0" encoding="UTF-8"?>
<testng-results skipped="0" failed="0" ignored="0" total="18" passed="18">
  <reporter-output>
  </reporter-output>
  <suite name="Automation Test Suite" duration-ms="100777" started-at="2017-12-29T06:08:59Z" finished-at="2017-12-29T06:10:40Z">
    <groups>
      <group name="Negative">
        <method signature="LoginPageTest.invalidEmail()[pri:2, instance:com.testcase.LoginPageTest@685cb137]" name="invalidEmail" class="com.testcase.LoginPageTest"/>
        <method signature="LoginPageTest.invalidPassword()[pri:3, instance:com.testcase.LoginPageTest@685cb137]" name="invalidPassword" class="com.testcase.LoginPageTest"/>
        <method signature="LoginPageTest.invalidPwdEmail()[pri:4, instance:com.testcase.LoginPageTest@685cb137]" name="invalidPwdEmail" class="com.testcase.LoginPageTest"/>
      </group> <!-- Negative -->
    </groups>
    <test name="Login Testcase" duration-ms="53244" started-at="2017-12-29T06:08:59Z" finished-at="2017-12-29T06:09:52Z">
      <class name="com.testcase.LoginPageTest">
        <test-method status="PASS" signature="openBrowser()[pri:1, instance:com.testcase.LoginPageTest@685cb137]" name="openBrowser" duration-ms="27225" started-at="2017-12-29T11:38:59Z" finished-at="2017-12-29T11:39:26Z">
          <reporter-output>
          </reporter-output>
        </test-method> <!-- openBrowser -->
        <test-method status="PASS" signature="invalidEmail()[pri:2, instance:com.testcase.LoginPageTest@685cb137]" name="invalidEmail" duration-ms="5316" started-at="2017-12-29T11:39:26Z" finished-at="2017-12-29T11:39:32Z">
          <reporter-output>
          </reporter-output>
        </test-method> <!-- invalidEmail -->
        <test-method status="PASS" signature="invalidPassword()[pri:3, instance:com.testcase.LoginPageTest@685cb137]" name="invalidPassword" duration-ms="5087" started-at="2017-12-29T11:39:32Z" finished-at="2017-12-29T11:39:37Z">
          <reporter-output>
          </reporter-output>
        </test-method> <!-- invalidPassword -->
        <test-method status="PASS" signature="invalidPwdEmail()[pri:4, instance:com.testcase.LoginPageTest@685cb137]" name="invalidPwdEmail" duration-ms="4384" started-at="2017-12-29T11:39:37Z" finished-at="2017-12-29T11:39:41Z">
          <reporter-output>
          </reporter-output>
        </test-method> <!-- invalidPwdEmail -->
        <test-method status="PASS" signature="doLogin()[pri:5, instance:com.testcase.LoginPageTest@685cb137]" name="doLogin" duration-ms="11195" started-at="2017-12-29T11:39:41Z" finished-at="2017-12-29T11:39:52Z">
          <reporter-output>
          </reporter-output>
        </test-method> <!-- doLogin -->
      </class> <!-- com.testcase.LoginPageTest -->
    </test> <!-- Login Testcase -->
    <test name="Create Project Testcase" duration-ms="12017" started-at="2017-12-29T06:09:52Z" finished-at="2017-12-29T06:10:04Z">
      <class name="com.testcase.CreateProjectTest">
        <test-method status="PASS" signature="startproject()[pri:0, instance:com.testcase.CreateProjectTest@3fee9989]" name="startproject" duration-ms="2212" started-at="2017-12-29T11:39:52Z" finished-at="2017-12-29T11:39:55Z">
          <reporter-output>
          </reporter-output>
        </test-method> <!-- startproject -->
        <test-method status="PASS" signature="typeProjectName()[pri:1, instance:com.testcase.CreateProjectTest@3fee9989]" name="typeProjectName" duration-ms="231" started-at="2017-12-29T11:39:55Z" finished-at="2017-12-29T11:39:55Z">
          <reporter-output>
          </reporter-output>
        </test-method> <!-- typeProjectName -->
        <test-method status="PASS" signature="projectType()[pri:2, instance:com.testcase.CreateProjectTest@3fee9989]" name="projectType" duration-ms="1222" started-at="2017-12-29T11:39:55Z" finished-at="2017-12-29T11:39:56Z">
          <reporter-output>
          </reporter-output>
        </test-method> <!-- projectType -->
        <test-method status="PASS" signature="industryType()[pri:3, instance:com.testcase.CreateProjectTest@3fee9989]" name="industryType" duration-ms="1200" started-at="2017-12-29T11:39:56Z" finished-at="2017-12-29T11:39:57Z">
          <reporter-output>
          </reporter-output>
        </test-method> <!-- industryType -->
        <test-method status="PASS" signature="targetLanguage()[pri:4, instance:com.testcase.CreateProjectTest@3fee9989]" name="targetLanguage" duration-ms="1209" started-at="2017-12-29T11:39:57Z" finished-at="2017-12-29T11:39:59Z">
          <reporter-output>
          </reporter-output>
        </test-method> <!-- targetLanguage -->
        <test-method status="PASS" signature="doClickOnLetsStartButton()[pri:5, instance:com.testcase.CreateProjectTest@3fee9989]" name="doClickOnLetsStartButton" duration-ms="5931" started-at="2017-12-29T11:39:59Z" finished-at="2017-12-29T11:40:04Z">
          <reporter-output>
          </reporter-output>
        </test-method> <!-- doClickOnLetsStartButton -->
      </class> <!-- com.testcase.CreateProjectTest -->
    </test> <!-- Create Project Testcase -->
    <test name="File Upload Testcase" duration-ms="16669" started-at="2017-12-29T06:10:04Z" finished-at="2017-12-29T06:10:21Z">
      <class name="com.testcase.FileUploadTest">
        <test-method status="PASS" signature="clickOnAddNewFile()[pri:1, instance:com.testcase.FileUploadTest@5f2108b5]" name="clickOnAddNewFile" duration-ms="4190" started-at="2017-12-29T11:40:04Z" finished-at="2017-12-29T11:40:09Z">
          <reporter-output>
          </reporter-output>
        </test-method> <!-- clickOnAddNewFile -->
        <test-method status="PASS" signature="enterFileLocation()[pri:2, instance:com.testcase.FileUploadTest@5f2108b5]" name="enterFileLocation" duration-ms="5421" started-at="2017-12-29T11:40:09Z" depends-on-methods="com.testcase.FileUploadTest.clickOnAddNewFile" finished-at="2017-12-29T11:40:14Z">
          <reporter-output>
          </reporter-output>
        </test-method> <!-- enterFileLocation -->
        <test-method status="PASS" signature="selectFileType()[pri:3, instance:com.testcase.FileUploadTest@5f2108b5]" name="selectFileType" duration-ms="7051" started-at="2017-12-29T11:40:14Z" depends-on-methods="com.testcase.FileUploadTest.enterFileLocation" finished-at="2017-12-29T11:40:21Z">
          <reporter-output>
          </reporter-output>
        </test-method> <!-- selectFileType -->
      </class> <!-- com.testcase.FileUploadTest -->
    </test> <!-- File Upload Testcase -->
    <test name="Make An Order Testcase" duration-ms="18820" started-at="2017-12-29T06:10:21Z" finished-at="2017-12-29T06:10:40Z">
      <class name="com.testcase.MakeOrderTest">
        <test-method status="PASS" signature="clickOnMakeOrder()[pri:1, instance:com.testcase.MakeOrderTest@5cb9f472]" name="clickOnMakeOrder" duration-ms="5168" started-at="2017-12-29T11:40:21Z" finished-at="2017-12-29T11:40:26Z">
          <reporter-output>
          </reporter-output>
        </test-method> <!-- clickOnMakeOrder -->
        <test-method status="PASS" signature="clickOnTagetLanguage()[pri:2, instance:com.testcase.MakeOrderTest@5cb9f472]" name="clickOnTagetLanguage" duration-ms="4243" started-at="2017-12-29T11:40:26Z" finished-at="2017-12-29T11:40:31Z">
          <reporter-output>
          </reporter-output>
        </test-method> <!-- clickOnTagetLanguage -->
        <test-method status="PASS" signature="clickOnSubmit()[pri:3, instance:com.testcase.MakeOrderTest@5cb9f472]" name="clickOnSubmit" duration-ms="7549" started-at="2017-12-29T11:40:31Z" finished-at="2017-12-29T11:40:38Z">
          <reporter-output>
          </reporter-output>
        </test-method> <!-- clickOnSubmit -->
        <test-method status="PASS" signature="clickOnPlaceOrderNow()[pri:4, instance:com.testcase.MakeOrderTest@5cb9f472]" name="clickOnPlaceOrderNow" duration-ms="1853" started-at="2017-12-29T11:40:38Z" finished-at="2017-12-29T11:40:40Z">
          <reporter-output>
          </reporter-output>
        </test-method> <!-- clickOnPlaceOrderNow -->
      </class> <!-- com.testcase.MakeOrderTest -->
    </test> <!-- Make An Order Testcase -->
  </suite> <!-- Automation Test Suite -->
</testng-results>
