<?xml version="1.0" encoding="UTF-8"?>
<testng-results skipped="0" failed="0" ignored="0" total="15" passed="15">
  <reporter-output>
  </reporter-output>
  <suite name="Automation Test Suite" duration-ms="97453" started-at="2017-12-26T06:53:46Z" finished-at="2017-12-26T06:55:23Z">
    <groups>
    </groups>
    <test name="Login Testcase" duration-ms="40383" started-at="2017-12-26T06:53:46Z" finished-at="2017-12-26T06:54:26Z">
      <class name="com.testcase.LoginPageTest">
        <test-method status="PASS" signature="openBrowser()[pri:1, instance:com.testcase.LoginPageTest@685cb137]" name="openBrowser" duration-ms="30954" started-at="2017-12-26T12:23:46Z" finished-at="2017-12-26T12:24:17Z">
          <reporter-output>
          </reporter-output>
        </test-method> <!-- openBrowser -->
        <test-method status="PASS" signature="doLogin()[pri:2, instance:com.testcase.LoginPageTest@685cb137]" name="doLogin" duration-ms="9377" started-at="2017-12-26T12:24:17Z" finished-at="2017-12-26T12:24:26Z">
          <reporter-output>
          </reporter-output>
        </test-method> <!-- doLogin -->
      </class> <!-- com.testcase.LoginPageTest -->
    </test> <!-- Login Testcase -->
    <test name="Create Project Testcase" duration-ms="24002" started-at="2017-12-26T06:54:26Z" finished-at="2017-12-26T06:54:50Z">
      <class name="com.testcase.CreateProjectTest">
        <test-method status="PASS" signature="startproject()[pri:0, instance:com.testcase.CreateProjectTest@3fee9989]" name="startproject" duration-ms="2258" started-at="2017-12-26T12:24:26Z" finished-at="2017-12-26T12:24:28Z">
          <reporter-output>
          </reporter-output>
        </test-method> <!-- startproject -->
        <test-method status="PASS" signature="typeProjectName()[pri:1, instance:com.testcase.CreateProjectTest@3fee9989]" name="typeProjectName" duration-ms="454" started-at="2017-12-26T12:24:28Z" finished-at="2017-12-26T12:24:29Z">
          <reporter-output>
          </reporter-output>
        </test-method> <!-- typeProjectName -->
        <test-method status="PASS" signature="projectType()[pri:2, instance:com.testcase.CreateProjectTest@3fee9989]" name="projectType" duration-ms="1296" started-at="2017-12-26T12:24:29Z" finished-at="2017-12-26T12:24:30Z">
          <reporter-output>
          </reporter-output>
        </test-method> <!-- projectType -->
        <test-method status="PASS" signature="industryType()[pri:3, instance:com.testcase.CreateProjectTest@3fee9989]" name="industryType" duration-ms="1215" started-at="2017-12-26T12:24:30Z" finished-at="2017-12-26T12:24:31Z">
          <reporter-output>
          </reporter-output>
        </test-method> <!-- industryType -->
        <test-method status="PASS" signature="targetLanguage()[pri:4, instance:com.testcase.CreateProjectTest@3fee9989]" name="targetLanguage" duration-ms="1368" started-at="2017-12-26T12:24:31Z" finished-at="2017-12-26T12:24:33Z">
          <reporter-output>
          </reporter-output>
        </test-method> <!-- targetLanguage -->
        <test-method status="PASS" signature="doClickOnLetsStartButton()[pri:5, instance:com.testcase.CreateProjectTest@3fee9989]" name="doClickOnLetsStartButton" duration-ms="17394" started-at="2017-12-26T12:24:33Z" finished-at="2017-12-26T12:24:50Z">
          <reporter-output>
          </reporter-output>
        </test-method> <!-- doClickOnLetsStartButton -->
      </class> <!-- com.testcase.CreateProjectTest -->
    </test> <!-- Create Project Testcase -->
    <test name="File Upload Testcase" duration-ms="16473" started-at="2017-12-26T06:54:50Z" finished-at="2017-12-26T06:55:07Z">
      <class name="com.testcase.FileUploadTest">
        <test-method status="PASS" signature="clickOnAddNewFile()[pri:1, instance:com.testcase.FileUploadTest@5f2108b5]" name="clickOnAddNewFile" duration-ms="4191" started-at="2017-12-26T12:24:50Z" finished-at="2017-12-26T12:24:54Z">
          <reporter-output>
          </reporter-output>
        </test-method> <!-- clickOnAddNewFile -->
        <test-method status="PASS" signature="enterFileLocation()[pri:2, instance:com.testcase.FileUploadTest@5f2108b5]" name="enterFileLocation" duration-ms="5409" started-at="2017-12-26T12:24:54Z" depends-on-methods="com.testcase.FileUploadTest.clickOnAddNewFile" finished-at="2017-12-26T12:25:00Z">
          <reporter-output>
          </reporter-output>
        </test-method> <!-- enterFileLocation -->
        <test-method status="PASS" signature="selectFileType()[pri:3, instance:com.testcase.FileUploadTest@5f2108b5]" name="selectFileType" duration-ms="6866" started-at="2017-12-26T12:25:00Z" depends-on-methods="com.testcase.FileUploadTest.enterFileLocation" finished-at="2017-12-26T12:25:07Z">
          <reporter-output>
          </reporter-output>
        </test-method> <!-- selectFileType -->
      </class> <!-- com.testcase.FileUploadTest -->
    </test> <!-- File Upload Testcase -->
    <test name="Make An Order Testcase" duration-ms="16566" started-at="2017-12-26T06:55:07Z" finished-at="2017-12-26T06:55:23Z">
      <class name="com.testcase.MakeOrderTest">
        <test-method status="PASS" signature="clickOnMakeOrder()[pri:1, instance:com.testcase.MakeOrderTest@5cb9f472]" name="clickOnMakeOrder" duration-ms="4697" started-at="2017-12-26T12:25:07Z" finished-at="2017-12-26T12:25:11Z">
          <reporter-output>
          </reporter-output>
        </test-method> <!-- clickOnMakeOrder -->
        <test-method status="PASS" signature="clickOnTagetLanguage()[pri:2, instance:com.testcase.MakeOrderTest@5cb9f472]" name="clickOnTagetLanguage" duration-ms="4244" started-at="2017-12-26T12:25:11Z" finished-at="2017-12-26T12:25:16Z">
          <reporter-output>
          </reporter-output>
        </test-method> <!-- clickOnTagetLanguage -->
        <test-method status="PASS" signature="clickOnSubmit()[pri:3, instance:com.testcase.MakeOrderTest@5cb9f472]" name="clickOnSubmit" duration-ms="5962" started-at="2017-12-26T12:25:16Z" finished-at="2017-12-26T12:25:22Z">
          <reporter-output>
          </reporter-output>
        </test-method> <!-- clickOnSubmit -->
        <test-method status="PASS" signature="clickOnPlaceOrderNow()[pri:4, instance:com.testcase.MakeOrderTest@5cb9f472]" name="clickOnPlaceOrderNow" duration-ms="1654" started-at="2017-12-26T12:25:22Z" finished-at="2017-12-26T12:25:23Z">
          <reporter-output>
          </reporter-output>
        </test-method> <!-- clickOnPlaceOrderNow -->
      </class> <!-- com.testcase.MakeOrderTest -->
    </test> <!-- Make An Order Testcase -->
  </suite> <!-- Automation Test Suite -->
</testng-results>
